[INFO] Scanning for projects...
[INFO] ------------------------------------------------------------------------
[INFO] Reactor Build Order:
[INFO] 
[INFO] ESPD web application
[INFO] espd-web Maven Webapp
[INFO] espd-docs
[INFO] 
[INFO] ------------------------------------------------------------------------
[INFO] Building ESPD web application 2018.11
[INFO] ------------------------------------------------------------------------
[INFO] 
[INFO] --- maven-clean-plugin:2.6.1:clean (default-clean) @ espd ---
[INFO] 
[INFO] ------------------------------------------------------------------------
[INFO] Building espd-web Maven Webapp 2018.11
[INFO] ------------------------------------------------------------------------
[INFO] 
[INFO] --- maven-clean-plugin:2.6.1:clean (default-clean) @ espd-web ---
[INFO] Deleting C:\GitHub\ESPD-Service\espd-web\target
[INFO] 
[INFO] --- maven-enforcer-plugin:1.2:enforce (enforce-banned-dependencies) @ espd-web ---
[INFO] 
[INFO] --- maven-resources-plugin:2.6:resources (default-resources) @ espd-web ---
[INFO] Using 'UTF-8' encoding to copy filtered resources.
[INFO] Copying 404 resources
[INFO] 
[INFO] --- maven-compiler-plugin:3.1:compile (default-compile) @ espd-web ---
[INFO] Changes detected - recompiling the module!
[INFO] Compiling 106 source files to C:\GitHub\ESPD-Service\espd-web\target\classes
[INFO] 
[INFO] --- gmavenplus-plugin:1.5:compile (default) @ espd-web ---
[INFO] No sources specified for compilation.  Skipping.
[INFO] 
[INFO] --- wro4j-maven-plugin:1.8.0:run (all) @ espd-web ---
[INFO] C:\GitHub\ESPD-Service\espd-web/src/main/resources/META-INF/resources
[INFO] Executing the mojo: 
[INFO] Wro4j Model path: C:\GitHub\ESPD-Service\espd-web\src\main\resources\wro.xml
[INFO] targetGroups: all
[INFO] minimize: true
[INFO] ignoreMissingResources: false
[INFO] parallelProcessing: false
[INFO] buildDirectory: C:\GitHub\ESPD-Service\espd-web\target
[INFO] contextPath: /espd/
[INFO] destinationFolder: C:\GitHub\ESPD-Service\espd-web\target
[INFO] jsDestinationFolder: C:\GitHub\ESPD-Service\espd-web\src\main\webapp\static\bundle
[INFO] cssDestinationFolder: C:\GitHub\ESPD-Service\espd-web\src\main\webapp\static\bundle
[INFO] The following groups will be processed: [all]
[INFO] folder: C:\GitHub\ESPD-Service\espd-web\src\main\webapp\static\bundle
[INFO] processing group: all.css
[WARNING] No resource found for wildcard: fontawesome-webfont.eot?v=4.2.0
[WARNING] [FAIL] extract dataUri from: /static/font-awesome-4.2.0/css/../fonts/fontawesome-webfont.eot?v=4.2.0, because: No valid resource '/static/font-awesome-4.2.0/css/../fonts/fontawesome-webfont.eot?v=4.2.0' found inside any of contextFolders: [C:\GitHub\ESPD-Service\espd-web/src/main/resources/META-INF/resources]. A possible cause: using CssUrlRewritingProcessor before CssDataUriPreProcessor.
[WARNING] No resource found for wildcard: fontawesome-webfont.eot?#iefix&v=4.2.0
[WARNING] [FAIL] extract dataUri from: /static/font-awesome-4.2.0/css/../fonts/fontawesome-webfont.eot?#iefix&v=4.2.0, because: No valid resource '/static/font-awesome-4.2.0/css/../fonts/fontawesome-webfont.eot?#iefix&v=4.2.0' found inside any of contextFolders: [C:\GitHub\ESPD-Service\espd-web/src/main/resources/META-INF/resources]. A possible cause: using CssUrlRewritingProcessor before CssDataUriPreProcessor.
[WARNING] No resource found for wildcard: glyphicons-halflings-regular.eot?#iefix
[WARNING] [FAIL] extract dataUri from: /static/bootstrap-3.2.0/css/../fonts/glyphicons-halflings-regular.eot?#iefix, because: No valid resource '/static/bootstrap-3.2.0/css/../fonts/glyphicons-halflings-regular.eot?#iefix' found inside any of contextFolders: [C:\GitHub\ESPD-Service\espd-web/src/main/resources/META-INF/resources]. A possible cause: using CssUrlRewritingProcessor before CssDataUriPreProcessor.
[INFO] file size: all.css -> 206164 bytes
[INFO] C:\GitHub\ESPD-Service\espd-web\src\main\webapp\static\bundle\all.css (206164 bytes)
[INFO] folder: C:\GitHub\ESPD-Service\espd-web\src\main\webapp\static\bundle
[INFO] processing group: all.js
[INFO] file size: all.js -> 368092 bytes
[INFO] C:\GitHub\ESPD-Service\espd-web\src\main\webapp\static\bundle\all.js (368092 bytes)
[INFO] 
[INFO] --- wro4j-maven-plugin:1.8.0:run (debug) @ espd-web ---
[INFO] C:\GitHub\ESPD-Service\espd-web/src/main/resources/META-INF/resources
[INFO] Executing the mojo: 
[INFO] Wro4j Model path: C:\GitHub\ESPD-Service\espd-web\src\main\resources\wro.xml
[INFO] targetGroups: debug
[INFO] minimize: false
[INFO] ignoreMissingResources: false
[INFO] parallelProcessing: false
[INFO] buildDirectory: C:\GitHub\ESPD-Service\espd-web\target
[INFO] contextPath: /espd/
[INFO] destinationFolder: C:\GitHub\ESPD-Service\espd-web\target
[INFO] jsDestinationFolder: C:\GitHub\ESPD-Service\espd-web\src\main\webapp\static\bundle
[INFO] cssDestinationFolder: C:\GitHub\ESPD-Service\espd-web\src\main\webapp\static\bundle
[INFO] The following groups will be processed: [debug]
[INFO] folder: C:\GitHub\ESPD-Service\espd-web\src\main\webapp\static\bundle
[INFO] processing group: debug.css
[WARNING] No resource found for wildcard: fontawesome-webfont.eot?v=4.2.0
[WARNING] [FAIL] extract dataUri from: /static/font-awesome-4.2.0/css/../fonts/fontawesome-webfont.eot?v=4.2.0, because: No valid resource '/static/font-awesome-4.2.0/css/../fonts/fontawesome-webfont.eot?v=4.2.0' found inside any of contextFolders: [C:\GitHub\ESPD-Service\espd-web/src/main/resources/META-INF/resources]. A possible cause: using CssUrlRewritingProcessor before CssDataUriPreProcessor.
[WARNING] No resource found for wildcard: fontawesome-webfont.eot?#iefix&v=4.2.0
[WARNING] [FAIL] extract dataUri from: /static/font-awesome-4.2.0/css/../fonts/fontawesome-webfont.eot?#iefix&v=4.2.0, because: No valid resource '/static/font-awesome-4.2.0/css/../fonts/fontawesome-webfont.eot?#iefix&v=4.2.0' found inside any of contextFolders: [C:\GitHub\ESPD-Service\espd-web/src/main/resources/META-INF/resources]. A possible cause: using CssUrlRewritingProcessor before CssDataUriPreProcessor.
[WARNING] No resource found for wildcard: glyphicons-halflings-regular.eot?#iefix
[WARNING] [FAIL] extract dataUri from: /static/bootstrap-3.2.0/css/../fonts/glyphicons-halflings-regular.eot?#iefix, because: No valid resource '/static/bootstrap-3.2.0/css/../fonts/glyphicons-halflings-regular.eot?#iefix' found inside any of contextFolders: [C:\GitHub\ESPD-Service\espd-web/src/main/resources/META-INF/resources]. A possible cause: using CssUrlRewritingProcessor before CssDataUriPreProcessor.
[INFO] file size: debug.css -> 251789 bytes
[INFO] C:\GitHub\ESPD-Service\espd-web\src\main\webapp\static\bundle\debug.css (251789 bytes)
[INFO] folder: C:\GitHub\ESPD-Service\espd-web\src\main\webapp\static\bundle
[INFO] processing group: debug.js
[INFO] file size: debug.js -> 889493 bytes
[INFO] C:\GitHub\ESPD-Service\espd-web\src\main\webapp\static\bundle\debug.js (889493 bytes)
[INFO] 
[INFO] --- maven-resources-plugin:2.6:testResources (default-testResources) @ espd-web ---
[INFO] Using 'UTF-8' encoding to copy filtered resources.
[INFO] skip non existing resourceDirectory C:\GitHub\ESPD-Service\espd-web\src\test\resources
[INFO] 
[INFO] --- maven-compiler-plugin:3.1:testCompile (default-testCompile) @ espd-web ---
[INFO] No sources to compile
[INFO] 
[INFO] --- gmavenplus-plugin:1.5:testCompile (default) @ espd-web ---
[INFO] Using Groovy 2.4.1 to perform testCompile.
[INFO] Compiled 191 files.
[INFO] 
[INFO] --- maven-surefire-plugin:2.18.1:test (default-test) @ espd-web ---
[INFO] Surefire report directory: C:\GitHub\ESPD-Service\espd-web\target\surefire-reports

-------------------------------------------------------
 T E S T S
-------------------------------------------------------
Running eu.europa.ec.grow.espd.domain.CriterionDefaultValuesTest
Tests run: 18, Failures: 0, Errors: 0, Skipped: 0, Time elapsed: 0.297 sec - in eu.europa.ec.grow.espd.domain.CriterionDefaultValuesTest
Running eu.europa.ec.grow.espd.domain.EspdDocumentTest
11:48:20.496 [main] DEBUG org.apache.commons.beanutils.converters.BooleanConverter - Setting default value: false
11:48:20.496 [main] DEBUG org.apache.commons.beanutils.converters.BooleanConverter - Converting 'Boolean' value 'false' to type 'Boolean'
11:48:20.496 [main] DEBUG org.apache.commons.beanutils.converters.BooleanConverter -     No conversion required, value is already a Boolean
11:48:20.496 [main] DEBUG org.apache.commons.beanutils.converters.ByteConverter - Setting default value: 0
11:48:20.496 [main] DEBUG org.apache.commons.beanutils.converters.ByteConverter - Converting 'Integer' value '0' to type 'Byte'
11:48:20.496 [main] DEBUG org.apache.commons.beanutils.converters.ByteConverter -     Converted to Byte value '0'
11:48:20.496 [main] DEBUG org.apache.commons.beanutils.converters.CharacterConverter - Setting default value:  
11:48:20.496 [main] DEBUG org.apache.commons.beanutils.converters.CharacterConverter - Converting 'Character' value ' ' to type 'Character'
11:48:20.496 [main] DEBUG org.apache.commons.beanutils.converters.CharacterConverter -     No conversion required, value is already a Character
11:48:20.496 [main] DEBUG org.apache.commons.beanutils.converters.DoubleConverter - Setting default value: 0
11:48:20.496 [main] DEBUG org.apache.commons.beanutils.converters.DoubleConverter - Converting 'Integer' value '0' to type 'Double'
11:48:20.496 [main] DEBUG org.apache.commons.beanutils.converters.DoubleConverter -     Converted to Double value '0.0'
11:48:20.496 [main] DEBUG org.apache.commons.beanutils.converters.FloatConverter - Setting default value: 0
11:48:20.496 [main] DEBUG org.apache.commons.beanutils.converters.FloatConverter - Converting 'Integer' value '0' to type 'Float'
11:48:20.496 [main] DEBUG org.apache.commons.beanutils.converters.FloatConverter -     Converted to Float value '0.0'
11:48:20.496 [main] DEBUG org.apache.commons.beanutils.converters.IntegerConverter - Setting default value: 0
11:48:20.496 [main] DEBUG org.apache.commons.beanutils.converters.IntegerConverter - Converting 'Integer' value '0' to type 'Integer'
11:48:20.496 [main] DEBUG org.apache.commons.beanutils.converters.IntegerConverter -     No conversion required, value is already a Integer
11:48:20.496 [main] DEBUG org.apache.commons.beanutils.converters.LongConverter - Setting default value: 0
11:48:20.496 [main] DEBUG org.apache.commons.beanutils.converters.LongConverter - Converting 'Integer' value '0' to type 'Long'
11:48:20.496 [main] DEBUG org.apache.commons.beanutils.converters.LongConverter -     Converted to Long value '0'
11:48:20.496 [main] DEBUG org.apache.commons.beanutils.converters.ShortConverter - Setting default value: 0
11:48:20.496 [main] DEBUG org.apache.commons.beanutils.converters.ShortConverter - Converting 'Integer' value '0' to type 'Short'
11:48:20.496 [main] DEBUG org.apache.commons.beanutils.converters.ShortConverter -     Converted to Short value '0'
11:48:20.496 [main] DEBUG org.apache.commons.beanutils.converters.BigDecimalConverter - Setting default value: 0.0
11:48:20.496 [main] DEBUG org.apache.commons.beanutils.converters.BigDecimalConverter - Converting 'BigDecimal' value '0.0' to type 'BigDecimal'
11:48:20.496 [main] DEBUG org.apache.commons.beanutils.converters.BigDecimalConverter -     No conversion required, value is already a BigDecimal
11:48:20.496 [main] DEBUG org.apache.commons.beanutils.converters.BigIntegerConverter - Setting default value: 0
11:48:20.496 [main] DEBUG org.apache.commons.beanutils.converters.BigIntegerConverter - Converting 'BigInteger' value '0' to type 'BigInteger'
11:48:20.496 [main] DEBUG org.apache.commons.beanutils.converters.BigIntegerConverter -     No conversion required, value is already a BigInteger
11:48:20.496 [main] DEBUG org.apache.commons.beanutils.converters.BooleanConverter - Setting default value: false
11:48:20.496 [main] DEBUG org.apache.commons.beanutils.converters.BooleanConverter - Converting 'Boolean' value 'false' to type 'Boolean'
11:48:20.496 [main] DEBUG org.apache.commons.beanutils.converters.BooleanConverter -     No conversion required, value is already a Boolean
11:48:20.496 [main] DEBUG org.apache.commons.beanutils.converters.ByteConverter - Setting default value: 0
11:48:20.496 [main] DEBUG org.apache.commons.beanutils.converters.ByteConverter - Converting 'Integer' value '0' to type 'Byte'
11:48:20.496 [main] DEBUG org.apache.commons.beanutils.converters.ByteConverter -     Converted to Byte value '0'
11:48:20.496 [main] DEBUG org.apache.commons.beanutils.converters.CharacterConverter - Setting default value:  
11:48:20.496 [main] DEBUG org.apache.commons.beanutils.converters.CharacterConverter - Converting 'Character' value ' ' to type 'Character'
11:48:20.496 [main] DEBUG org.apache.commons.beanutils.converters.CharacterConverter -     No conversion required, value is already a Character
11:48:20.496 [main] DEBUG org.apache.commons.beanutils.converters.DoubleConverter - Setting default value: 0
11:48:20.496 [main] DEBUG org.apache.commons.beanutils.converters.DoubleConverter - Converting 'Integer' value '0' to type 'Double'
11:48:20.496 [main] DEBUG org.apache.commons.beanutils.converters.DoubleConverter -     Converted to Double value '0.0'
11:48:20.496 [main] DEBUG org.apache.commons.beanutils.converters.FloatConverter - Setting default value: 0
11:48:20.496 [main] DEBUG org.apache.commons.beanutils.converters.FloatConverter - Converting 'Integer' value '0' to type 'Float'
11:48:20.496 [main] DEBUG org.apache.commons.beanutils.converters.FloatConverter -     Converted to Float value '0.0'
11:48:20.496 [main] DEBUG org.apache.commons.beanutils.converters.IntegerConverter - Setting default value: 0
11:48:20.496 [main] DEBUG org.apache.commons.beanutils.converters.IntegerConverter - Converting 'Integer' value '0' to type 'Integer'
11:48:20.496 [main] DEBUG org.apache.commons.beanutils.converters.IntegerConverter -     No conversion required, value is already a Integer
11:48:20.496 [main] DEBUG org.apache.commons.beanutils.converters.LongConverter - Setting default value: 0
11:48:20.496 [main] DEBUG org.apache.commons.beanutils.converters.LongConverter - Converting 'Integer' value '0' to type 'Long'
11:48:20.496 [main] DEBUG org.apache.commons.beanutils.converters.LongConverter -     Converted to Long value '0'
11:48:20.496 [main] DEBUG org.apache.commons.beanutils.converters.ShortConverter - Setting default value: 0
11:48:20.496 [main] DEBUG org.apache.commons.beanutils.converters.ShortConverter - Converting 'Integer' value '0' to type 'Short'
11:48:20.496 [main] DEBUG org.apache.commons.beanutils.converters.ShortConverter -     Converted to Short value '0'
11:48:20.496 [main] DEBUG org.apache.commons.beanutils.converters.StringConverter - Setting default value: 
11:48:20.496 [main] DEBUG org.apache.commons.beanutils.converters.StringConverter - Converting 'String' value '' to type 'String'
11:48:20.512 [main] DEBUG org.apache.commons.beanutils.converters.ArrayConverter - Setting default value: [Z@1dab4eb
11:48:20.512 [main] DEBUG org.apache.commons.beanutils.converters.ArrayConverter - Converting 'boolean[]' value '[Z@1dab4eb' to type 'boolean[]'
11:48:20.512 [main] DEBUG org.apache.commons.beanutils.converters.ArrayConverter -     No conversion required, value is already a boolean[]
11:48:20.512 [main] DEBUG org.apache.commons.beanutils.converters.ArrayConverter - Setting default value: [B@1901eb0
11:48:20.512 [main] DEBUG org.apache.commons.beanutils.converters.ArrayConverter - Converting 'byte[]' value '[B@1901eb0' to type 'byte[]'
11:48:20.512 [main] DEBUG org.apache.commons.beanutils.converters.ArrayConverter -     No conversion required, value is already a byte[]
11:48:20.512 [main] DEBUG org.apache.commons.beanutils.converters.ArrayConverter - Setting default value: [C@1a987b8
11:48:20.512 [main] DEBUG org.apache.commons.beanutils.converters.ArrayConverter - Converting 'char[]' value '[C@1a987b8' to type 'char[]'
11:48:20.512 [main] DEBUG org.apache.commons.beanutils.converters.ArrayConverter -     No conversion required, value is already a char[]
11:48:20.512 [main] DEBUG org.apache.commons.beanutils.converters.ArrayConverter - Setting default value: [D@1191845
11:48:20.512 [main] DEBUG org.apache.commons.beanutils.converters.ArrayConverter - Converting 'double[]' value '[D@1191845' to type 'double[]'
11:48:20.512 [main] DEBUG org.apache.commons.beanutils.converters.ArrayConverter -     No conversion required, value is already a double[]
11:48:20.512 [main] DEBUG org.apache.commons.beanutils.converters.ArrayConverter - Setting default value: [F@1049ea1
11:48:20.512 [main] DEBUG org.apache.commons.beanutils.converters.ArrayConverter - Converting 'float[]' value '[F@1049ea1' to type 'float[]'
11:48:20.512 [main] DEBUG org.apache.commons.beanutils.converters.ArrayConverter -     No conversion required, value is already a float[]
11:48:20.512 [main] DEBUG org.apache.commons.beanutils.converters.ArrayConverter - Setting default value: [I@cc7e6f
11:48:20.512 [main] DEBUG org.apache.commons.beanutils.converters.ArrayConverter - Converting 'int[]' value '[I@cc7e6f' to type 'int[]'
11:48:20.512 [main] DEBUG org.apache.commons.beanutils.converters.ArrayConverter -     No conversion required, value is already a int[]
11:48:20.512 [main] DEBUG org.apache.commons.beanutils.converters.ArrayConverter - Setting default value: [J@1afa3c9
11:48:20.512 [main] DEBUG org.apache.commons.beanutils.converters.ArrayConverter - Converting 'long[]' value '[J@1afa3c9' to type 'long[]'
11:48:20.512 [main] DEBUG org.apache.commons.beanutils.converters.ArrayConverter -     No conversion required, value is already a long[]
11:48:20.512 [main] DEBUG org.apache.commons.beanutils.converters.ArrayConverter - Setting default value: [S@35809
11:48:20.512 [main] DEBUG org.apache.commons.beanutils.converters.ArrayConverter - Converting 'short[]' value '[S@35809' to type 'short[]'
11:48:20.512 [main] DEBUG org.apache.commons.beanutils.converters.ArrayConverter -     No conversion required, value is already a short[]
11:48:20.512 [main] DEBUG org.apache.commons.beanutils.converters.ArrayConverter - Setting default value: [Ljava.math.BigDecimal;@109217e
11:48:20.512 [main] DEBUG org.apache.commons.beanutils.converters.ArrayConverter - Converting 'BigDecimal[]' value '[Ljava.math.BigDecimal;@109217e' to type 'BigDecimal[]'
11:48:20.512 [main] DEBUG org.apache.commons.beanutils.converters.ArrayConverter -     No conversion required, value is already a BigDecimal[]
11:48:20.512 [main] DEBUG org.apache.commons.beanutils.converters.ArrayConverter - Setting default value: [Ljava.math.BigInteger;@6e4010
11:48:20.512 [main] DEBUG org.apache.commons.beanutils.converters.ArrayConverter - Converting 'BigInteger[]' value '[Ljava.math.BigInteger;@6e4010' to type 'BigInteger[]'
11:48:20.512 [main] DEBUG org.apache.commons.beanutils.converters.ArrayConverter -     No conversion required, value is already a BigInteger[]
11:48:20.512 [main] DEBUG org.apache.commons.beanutils.converters.ArrayConverter - Setting default value: [Ljava.lang.Boolean;@75da3
11:48:20.512 [main] DEBUG org.apache.commons.beanutils.converters.ArrayConverter - Converting 'Boolean[]' value '[Ljava.lang.Boolean;@75da3' to type 'Boolean[]'
11:48:20.512 [main] DEBUG org.apache.commons.beanutils.converters.ArrayConverter -     No conversion required, value is already a Boolean[]
11:48:20.512 [main] DEBUG org.apache.commons.beanutils.converters.ArrayConverter - Setting default value: [Ljava.lang.Byte;@35b0f5
11:48:20.512 [main] DEBUG org.apache.commons.beanutils.converters.ArrayConverter - Converting 'Byte[]' value '[Ljava.lang.Byte;@35b0f5' to type 'Byte[]'
11:48:20.512 [main] DEBUG org.apache.commons.beanutils.converters.ArrayConverter -     No conversion required, value is already a Byte[]
11:48:20.512 [main] DEBUG org.apache.commons.beanutils.converters.ArrayConverter - Setting default value: [Ljava.lang.Character;@2c3d18
11:48:20.512 [main] DEBUG org.apache.commons.beanutils.converters.ArrayConverter - Converting 'Character[]' value '[Ljava.lang.Character;@2c3d18' to type 'Character[]'
11:48:20.512 [main] DEBUG org.apache.commons.beanutils.converters.ArrayConverter -     No conversion required, value is already a Character[]
11:48:20.512 [main] DEBUG org.apache.commons.beanutils.converters.ArrayConverter - Setting default value: [Ljava.lang.Double;@c43f62
11:48:20.512 [main] DEBUG org.apache.commons.beanutils.converters.ArrayConverter - Converting 'Double[]' value '[Ljava.lang.Double;@c43f62' to type 'Double[]'
11:48:20.512 [main] DEBUG org.apache.commons.beanutils.converters.ArrayConverter -     No conversion required, value is already a Double[]
11:48:20.512 [main] DEBUG org.apache.commons.beanutils.converters.ArrayConverter - Setting default value: [Ljava.lang.Float;@5aa696
11:48:20.512 [main] DEBUG org.apache.commons.beanutils.converters.ArrayConverter - Converting 'Float[]' value '[Ljava.lang.Float;@5aa696' to type 'Float[]'
11:48:20.512 [main] DEBUG org.apache.commons.beanutils.converters.ArrayConverter -     No conversion required, value is already a Float[]
11:48:20.512 [main] DEBUG org.apache.commons.beanutils.converters.ArrayConverter - Setting default value: [Ljava.lang.Integer;@13d1baf
11:48:20.512 [main] DEBUG org.apache.commons.beanutils.converters.ArrayConverter - Converting 'Integer[]' value '[Ljava.lang.Integer;@13d1baf' to type 'Integer[]'
11:48:20.512 [main] DEBUG org.apache.commons.beanutils.converters.ArrayConverter -     No conversion required, value is already a Integer[]
11:48:20.512 [main] DEBUG org.apache.commons.beanutils.converters.ArrayConverter - Setting default value: [Ljava.lang.Long;@13444fe
11:48:20.512 [main] DEBUG org.apache.commons.beanutils.converters.ArrayConverter - Converting 'Long[]' value '[Ljava.lang.Long;@13444fe' to type 'Long[]'
11:48:20.512 [main] DEBUG org.apache.commons.beanutils.converters.ArrayConverter -     No conversion required, value is already a Long[]
11:48:20.512 [main] DEBUG org.apache.commons.beanutils.converters.ArrayConverter - Setting default value: [Ljava.lang.Short;@75e76a
11:48:20.512 [main] DEBUG org.apache.commons.beanutils.converters.ArrayConverter - Converting 'Short[]' value '[Ljava.lang.Short;@75e76a' to type 'Short[]'
11:48:20.512 [main] DEBUG org.apache.commons.beanutils.converters.ArrayConverter -     No conversion required, value is already a Short[]
11:48:20.512 [main] DEBUG org.apache.commons.beanutils.converters.ArrayConverter - Setting default value: [Ljava.lang.String;@32714f
11:48:20.512 [main] DEBUG org.apache.commons.beanutils.converters.ArrayConverter - Converting 'String[]' value '[Ljava.lang.String;@32714f' to type 'String[]'
11:48:20.512 [main] DEBUG org.apache.commons.beanutils.converters.ArrayConverter -     No conversion required, value is already a String[]
11:48:20.512 [main] DEBUG org.apache.commons.beanutils.converters.ArrayConverter - Setting default value: [Ljava.lang.Class;@48bb62
11:48:20.512 [main] DEBUG org.apache.commons.beanutils.converters.ArrayConverter - Converting 'Class[]' value '[Ljava.lang.Class;@48bb62' to type 'Class[]'
11:48:20.512 [main] DEBUG org.apache.commons.beanutils.converters.ArrayConverter -     No conversion required, value is already a Class[]
11:48:20.512 [main] DEBUG org.apache.commons.beanutils.converters.ArrayConverter - Setting default value: [Ljava.util.Date;@13352b6
11:48:20.512 [main] DEBUG org.apache.commons.beanutils.converters.ArrayConverter - Converting 'Date[]' value '[Ljava.util.Date;@13352b6' to type 'Date[]'
11:48:20.512 [main] DEBUG org.apache.commons.beanutils.converters.ArrayConverter -     No conversion required, value is already a Date[]
11:48:20.512 [main] DEBUG org.apache.commons.beanutils.converters.ArrayConverter - Setting default value: [Ljava.util.Calendar;@17a78e3
11:48:20.512 [main] DEBUG org.apache.commons.beanutils.converters.ArrayConverter - Converting 'Calendar[]' value '[Ljava.util.Calendar;@17a78e3' to type 'Calendar[]'
11:48:20.512 [main] DEBUG org.apache.commons.beanutils.converters.ArrayConverter -     No conversion required, value is already a Calendar[]
11:48:20.512 [main] DEBUG org.apache.commons.beanutils.converters.ArrayConverter - Setting default value: [Ljava.io.File;@1a51cd4
11:48:20.512 [main] DEBUG org.apache.commons.beanutils.converters.ArrayConverter - Converting 'java.io.File[]' value '[Ljava.io.File;@1a51cd4' to type 'java.io.File[]'
11:48:20.512 [main] DEBUG org.apache.commons.beanutils.converters.ArrayConverter -     No conversion required, value is already a java.io.File[]
11:48:20.512 [main] DEBUG org.apache.commons.beanutils.converters.ArrayConverter - Setting default value: [Ljava.sql.Date;@10c2b53
11:48:20.512 [main] DEBUG org.apache.commons.beanutils.converters.ArrayConverter - Converting 'java.sql.Date[]' value '[Ljava.sql.Date;@10c2b53' to type 'java.sql.Date[]'
11:48:20.512 [main] DEBUG org.apache.commons.beanutils.converters.ArrayConverter -     No conversion required, value is already a java.sql.Date[]
11:48:20.512 [main] DEBUG org.apache.commons.beanutils.converters.ArrayConverter - Setting default value: [Ljava.sql.Time;@28087
11:48:20.512 [main] DEBUG org.apache.commons.beanutils.converters.ArrayConverter - Converting 'java.sql.Time[]' value '[Ljava.sql.Time;@28087' to type 'java.sql.Time[]'
11:48:20.512 [main] DEBUG org.apache.commons.beanutils.converters.ArrayConverter -     No conversion required, value is already a java.sql.Time[]
11:48:20.512 [main] DEBUG org.apache.commons.beanutils.converters.ArrayConverter - Setting default value: [Ljava.sql.Timestamp;@aa0244
11:48:20.512 [main] DEBUG org.apache.commons.beanutils.converters.ArrayConverter - Converting 'java.sql.Timestamp[]' value '[Ljava.sql.Timestamp;@aa0244' to type 'java.sql.Timestamp[]'
11:48:20.512 [main] DEBUG org.apache.commons.beanutils.converters.ArrayConverter -     No conversion required, value is already a java.sql.Timestamp[]
11:48:20.512 [main] DEBUG org.apache.commons.beanutils.converters.ArrayConverter - Setting default value: [Ljava.net.URL;@e69770
11:48:20.512 [main] DEBUG org.apache.commons.beanutils.converters.ArrayConverter - Converting 'java.net.URL[]' value '[Ljava.net.URL;@e69770' to type 'java.net.URL[]'
11:48:20.512 [main] DEBUG org.apache.commons.beanutils.converters.ArrayConverter -     No conversion required, value is already a java.net.URL[]
Tests run: 4, Failures: 0, Errors: 0, Skipped: 0, Time elapsed: 0.218 sec - in eu.europa.ec.grow.espd.domain.EspdDocumentTest
Running eu.europa.ec.grow.espd.xml.CriteriaListTest
Tests run: 1, Failures: 0, Errors: 0, Skipped: 0, Time elapsed: 0 sec - in eu.europa.ec.grow.espd.xml.CriteriaListTest
Running eu.europa.ec.grow.espd.xml.request.award.EconomicOperatorParticipatingProcurementProcedureRequestTest
11:48:20.762 [main] WARN eu.europa.ec.grow.espd.xml.common.exporting.UblCriteriaTemplate - ESPD document with TED URL 'null' does not contain any exclusion criteria.
11:48:20.778 [main] INFO org.springframework.oxm.jaxb.Jaxb2Marshaller - Creating JAXBContext by scanning packages [grow.names.specification.ubl.schema.xsd.espdrequest_1,grow.names.specification.ubl.schema.xsd.espdresponse_1]
11:48:20.809 [main] DEBUG org.springframework.core.io.support.PathMatchingResourcePatternResolver - Resolved classpath location [grow/names/specification/ubl/schema/xsd/espdrequest_1/] to resources [URL [jar:file:/C:/Users/mr/.m2/repository/eu/europa/ec/grow/espd/exchange-model/1.0.2/exchange-model-1.0.2.jar!/grow/names/specification/ubl/schema/xsd/espdrequest_1/]]
11:48:20.809 [main] DEBUG org.springframework.core.io.support.PathMatchingResourcePatternResolver - Looking for matching resources in jar file [file:/C:/Users/mr/.m2/repository/eu/europa/ec/grow/espd/exchange-model/1.0.2/exchange-model-1.0.2.jar]
11:48:20.809 [main] DEBUG org.springframework.core.io.support.PathMatchingResourcePatternResolver - Resolved location pattern [classpath*:grow/names/specification/ubl/schema/xsd/espdrequest_1/**/*.class] to resources [URL [jar:file:/C:/Users/mr/.m2/repository/eu/europa/ec/grow/espd/exchange-model/1.0.2/exchange-model-1.0.2.jar!/grow/names/specification/ubl/schema/xsd/espdrequest_1/ObjectFactory.class], URL [jar:file:/C:/Users/mr/.m2/repository/eu/europa/ec/grow/espd/exchange-model/1.0.2/exchange-model-1.0.2.jar!/grow/names/specification/ubl/schema/xsd/espdrequest_1/package-info.class], URL [jar:file:/C:/Users/mr/.m2/repository/eu/europa/ec/grow/espd/exchange-model/1.0.2/exchange-model-1.0.2.jar!/grow/names/specification/ubl/schema/xsd/espdrequest_1/ESPDRequestType.class]]
11:48:20.825 [main] DEBUG org.springframework.core.io.support.PathMatchingResourcePatternResolver - Resolved classpath location [grow/names/specification/ubl/schema/xsd/espdresponse_1/] to resources [URL [jar:file:/C:/Users/mr/.m2/repository/eu/europa/ec/grow/espd/exchange-model/1.0.2/exchange-model-1.0.2.jar!/grow/names/specification/ubl/schema/xsd/espdresponse_1/]]
11:48:20.825 [main] DEBUG org.springframework.core.io.support.PathMatchingResourcePatternResolver - Looking for matching resources in jar file [file:/C:/Users/mr/.m2/repository/eu/europa/ec/grow/espd/exchange-model/1.0.2/exchange-model-1.0.2.jar]
11:48:20.840 [main] DEBUG org.springframework.core.io.support.PathMatchingResourcePatternResolver - Resolved location pattern [classpath*:grow/names/specification/ubl/schema/xsd/espdresponse_1/**/*.class] to resources [URL [jar:file:/C:/Users/mr/.m2/repository/eu/europa/ec/grow/espd/exchange-model/1.0.2/exchange-model-1.0.2.jar!/grow/names/specification/ubl/schema/xsd/espdresponse_1/ObjectFactory.class], URL [jar:file:/C:/Users/mr/.m2/repository/eu/europa/ec/grow/espd/exchange-model/1.0.2/exchange-model-1.0.2.jar!/grow/names/specification/ubl/schema/xsd/espdresponse_1/package-info.class], URL [jar:file:/C:/Users/mr/.m2/repository/eu/europa/ec/grow/espd/exchange-model/1.0.2/exchange-model-1.0.2.jar!/grow/names/specification/ubl/schema/xsd/espdresponse_1/ESPDResponseType.class]]
11:48:20.840 [main] DEBUG org.springframework.oxm.jaxb.Jaxb2Marshaller - Found JAXB2 classes: [class grow.names.specification.ubl.schema.xsd.espdrequest_1.ObjectFactory,class grow.names.specification.ubl.schema.xsd.espdrequest_1.ESPDRequestType,class grow.names.specification.ubl.schema.xsd.espdresponse_1.ObjectFactory,class grow.names.specification.ubl.schema.xsd.espdresponse_1.ESPDResponseType]
Tests run: 1, Failures: 0, Errors: 0, Skipped: 0, Time elapsed: 1.797 sec - in eu.europa.ec.grow.espd.xml.request.award.EconomicOperatorParticipatingProcurementProcedureRequestTest
Running eu.europa.ec.grow.espd.xml.request.award.EconomicOperatorRegisteredRequestTest
11:48:22.356 [main] WARN eu.europa.ec.grow.espd.xml.common.exporting.UblCriteriaTemplate - ESPD document with TED URL 'null' does not contain any exclusion criteria.
Tests run: 1, Failures: 0, Errors: 0, Skipped: 0, Time elapsed: 0.016 sec - in eu.europa.ec.grow.espd.xml.request.award.EconomicOperatorRegisteredRequestTest
Running eu.europa.ec.grow.espd.xml.request.award.EconomicOperatorReliesCapacitiesRequestTest
11:48:22.372 [main] WARN eu.europa.ec.grow.espd.xml.common.exporting.UblCriteriaTemplate - ESPD document with TED URL 'null' does not contain any exclusion criteria.
Tests run: 1, Failures: 0, Errors: 0, Skipped: 0, Time elapsed: 0.015 sec - in eu.europa.ec.grow.espd.xml.request.award.EconomicOperatorReliesCapacitiesRequestTest
Running eu.europa.ec.grow.espd.xml.request.award.MeetsObjectiveRequestTest
11:48:22.387 [main] WARN eu.europa.ec.grow.espd.xml.common.exporting.UblCriteriaTemplate - ESPD document with TED URL 'null' does not contain any exclusion criteria.
Tests run: 1, Failures: 0, Errors: 0, Skipped: 0, Time elapsed: 0.016 sec - in eu.europa.ec.grow.espd.xml.request.award.MeetsObjectiveRequestTest
Running eu.europa.ec.grow.espd.xml.request.award.ProcurementReservedRequestTest
11:48:22.403 [main] WARN eu.europa.ec.grow.espd.xml.common.exporting.UblCriteriaTemplate - ESPD document with TED URL 'null' does not contain any exclusion criteria.
Tests run: 1, Failures: 0, Errors: 0, Skipped: 0, Time elapsed: 0 sec - in eu.europa.ec.grow.espd.xml.request.award.ProcurementReservedRequestTest
Running eu.europa.ec.grow.espd.xml.request.award.SucontractingThirdPartiesRequestTest
11:48:22.403 [main] WARN eu.europa.ec.grow.espd.xml.common.exporting.UblCriteriaTemplate - ESPD document with TED URL 'null' does not contain any exclusion criteria.
Tests run: 1, Failures: 0, Errors: 0, Skipped: 0, Time elapsed: 0 sec - in eu.europa.ec.grow.espd.xml.request.award.SucontractingThirdPartiesRequestTest
Running eu.europa.ec.grow.espd.xml.request.EspdRequestMarshallingTest
11:48:22.465 [main] WARN eu.europa.ec.grow.espd.xml.common.exporting.UblCriteriaTemplate - ESPD document with TED URL 'null' does not contain any exclusion criteria.
11:48:22.465 [main] WARN eu.europa.ec.grow.espd.xml.common.exporting.UblCriteriaTemplate - ESPD document with TED URL 'null' does not contain any exclusion criteria.
11:48:22.481 [main] WARN eu.europa.ec.grow.espd.xml.common.exporting.UblCriteriaTemplate - ESPD document with TED URL 'null' does not contain any exclusion criteria.
11:48:22.481 [main] WARN eu.europa.ec.grow.espd.xml.common.exporting.UblCriteriaTemplate - ESPD document with TED URL 'null' does not contain any exclusion criteria.
11:48:22.497 [main] WARN eu.europa.ec.grow.espd.xml.common.exporting.UblCriteriaTemplate - ESPD document with TED URL 'null' does not contain any exclusion criteria.
11:48:22.497 [main] WARN eu.europa.ec.grow.espd.xml.common.exporting.UblCriteriaTemplate - ESPD document with TED URL 'null' does not contain any exclusion criteria.
11:48:22.512 [main] WARN eu.europa.ec.grow.espd.xml.common.exporting.UblCriteriaTemplate - ESPD document with TED URL 'null' does not contain any exclusion criteria.
11:48:22.512 [main] WARN eu.europa.ec.grow.espd.xml.common.exporting.UblCriteriaTemplate - ESPD document with TED URL 'null' does not contain any exclusion criteria.
11:48:22.512 [main] WARN eu.europa.ec.grow.espd.xml.common.exporting.UblCriteriaTemplate - ESPD document with TED URL 'null' does not contain any exclusion criteria.
11:48:22.528 [main] WARN eu.europa.ec.grow.espd.xml.common.exporting.UblCriteriaTemplate - ESPD document with TED URL 'null' does not contain any exclusion criteria.
11:48:22.544 [main] WARN eu.europa.ec.grow.espd.xml.common.exporting.UblCriteriaTemplate - ESPD document with TED URL 'null' does not contain any exclusion criteria.
11:48:22.544 [main] WARN eu.europa.ec.grow.espd.xml.common.exporting.UblCriteriaTemplate - ESPD document with TED URL 'http://ted.europa.eu/udl?uri=TED:NOTICE:002226-2016:TEXT:ES:HTML' does not contain any exclusion criteria.
11:48:22.544 [main] WARN eu.europa.ec.grow.espd.xml.common.exporting.UblCriteriaTemplate - ESPD document with TED URL 'http://ted.europa.eu/udl?uri=TED:NOTICE:002226-2016:TEXT:ES:HTML' does not contain any exclusion criteria.
11:48:22.559 [main] WARN eu.europa.ec.grow.espd.xml.common.exporting.UblCriteriaTemplate - ESPD document with TED URL 'null' does not contain any exclusion criteria.
11:48:22.575 [main] WARN eu.europa.ec.grow.espd.xml.common.exporting.UblCriteriaTemplate - ESPD document with TED URL 'null' does not contain any exclusion criteria.
11:48:22.575 [main] WARN eu.europa.ec.grow.espd.xml.common.exporting.UblCriteriaTemplate - ESPD document with TED URL 'null' does not contain any exclusion criteria.
11:48:22.590 [main] WARN eu.europa.ec.grow.espd.xml.common.exporting.UblCriteriaTemplate - ESPD document with TED URL 'null' does not contain any exclusion criteria.
11:48:22.590 [main] WARN eu.europa.ec.grow.espd.xml.common.exporting.UblCriteriaTemplate - ESPD document with TED URL 'null' does not contain any exclusion criteria.
Tests run: 18, Failures: 0, Errors: 0, Skipped: 0, Time elapsed: 0.171 sec - in eu.europa.ec.grow.espd.xml.request.EspdRequestMarshallingTest
Running eu.europa.ec.grow.espd.xml.request.EspdRequestMixedCriteriaTest
Tests run: 1, Failures: 0, Errors: 0, Skipped: 0, Time elapsed: 0 sec - in eu.europa.ec.grow.espd.xml.request.EspdRequestMixedCriteriaTest
Running eu.europa.ec.grow.espd.xml.request.exclusion.AgreementsWithEORequestTest
Tests run: 1, Failures: 0, Errors: 0, Skipped: 0, Time elapsed: 0.016 sec - in eu.europa.ec.grow.espd.xml.request.exclusion.AgreementsWithEORequestTest
Running eu.europa.ec.grow.espd.xml.request.exclusion.AnalogousSituationRequestTest
Tests run: 1, Failures: 0, Errors: 0, Skipped: 0, Time elapsed: 0 sec - in eu.europa.ec.grow.espd.xml.request.exclusion.AnalogousSituationRequestTest
Running eu.europa.ec.grow.espd.xml.request.exclusion.ArrangementWithCreditorsRequestTest
Tests run: 1, Failures: 0, Errors: 0, Skipped: 0, Time elapsed: 0 sec - in eu.europa.ec.grow.espd.xml.request.exclusion.ArrangementWithCreditorsRequestTest
Running eu.europa.ec.grow.espd.xml.request.exclusion.AssetsAdministeredByLiquidatorRequestTest
Tests run: 1, Failures: 0, Errors: 0, Skipped: 0, Time elapsed: 0 sec - in eu.europa.ec.grow.espd.xml.request.exclusion.AssetsAdministeredByLiquidatorRequestTest
Running eu.europa.ec.grow.espd.xml.request.exclusion.BankruptcyRequestTest
Tests run: 1, Failures: 0, Errors: 0, Skipped: 0, Time elapsed: 0 sec - in eu.europa.ec.grow.espd.xml.request.exclusion.BankruptcyRequestTest
Running eu.europa.ec.grow.espd.xml.request.exclusion.BreachingObligationsEnvironmentalRequestTest
Tests run: 1, Failures: 0, Errors: 0, Skipped: 0, Time elapsed: 0 sec - in eu.europa.ec.grow.espd.xml.request.exclusion.BreachingObligationsEnvironmentalRequestTest
Running eu.europa.ec.grow.espd.xml.request.exclusion.BreachingObligationsLabourRequestTest
Tests run: 1, Failures: 0, Errors: 0, Skipped: 0, Time elapsed: 0 sec - in eu.europa.ec.grow.espd.xml.request.exclusion.BreachingObligationsLabourRequestTest
Running eu.europa.ec.grow.espd.xml.request.exclusion.BreachingObligationsSocialRequestTest
Tests run: 1, Failures: 0, Errors: 0, Skipped: 0, Time elapsed: 0 sec - in eu.europa.ec.grow.espd.xml.request.exclusion.BreachingObligationsSocialRequestTest
Running eu.europa.ec.grow.espd.xml.request.exclusion.BusinessActivitiesSuspendedRequestTest
Tests run: 1, Failures: 0, Errors: 0, Skipped: 0, Time elapsed: 0 sec - in eu.europa.ec.grow.espd.xml.request.exclusion.BusinessActivitiesSuspendedRequestTest
Running eu.europa.ec.grow.espd.xml.request.exclusion.ChildLabourRequestTest
Tests run: 1, Failures: 0, Errors: 0, Skipped: 0, Time elapsed: 0.015 sec - in eu.europa.ec.grow.espd.xml.request.exclusion.ChildLabourRequestTest
Running eu.europa.ec.grow.espd.xml.request.exclusion.ConflictOfInterestParticipationProcurementProcedureRequestTest
Tests run: 1, Failures: 0, Errors: 0, Skipped: 0, Time elapsed: 0 sec - in eu.europa.ec.grow.espd.xml.request.exclusion.ConflictOfInterestParticipationProcurementProcedureRequestTest
Running eu.europa.ec.grow.espd.xml.request.exclusion.CorruptionRequestTest
Tests run: 1, Failures: 0, Errors: 0, Skipped: 0, Time elapsed: 0 sec - in eu.europa.ec.grow.espd.xml.request.exclusion.CorruptionRequestTest
Running eu.europa.ec.grow.espd.xml.request.exclusion.DirectInvolvementPreparationProcurementRequestTest
Tests run: 1, Failures: 0, Errors: 0, Skipped: 0, Time elapsed: 0.016 sec - in eu.europa.ec.grow.espd.xml.request.exclusion.DirectInvolvementPreparationProcurementRequestTest
Running eu.europa.ec.grow.espd.xml.request.exclusion.EarlyTerminationRequestTest
Tests run: 1, Failures: 0, Errors: 0, Skipped: 0, Time elapsed: 0.015 sec - in eu.europa.ec.grow.espd.xml.request.exclusion.EarlyTerminationRequestTest
Running eu.europa.ec.grow.espd.xml.request.exclusion.EspdRequestExclusionCriteriaMarshallingTest
11:48:22.762 [main] WARN eu.europa.ec.grow.espd.xml.common.exporting.UblCriteriaTemplate - ESPD document with TED URL 'null' does not contain any exclusion criteria.
Tests run: 2, Failures: 0, Errors: 0, Skipped: 0, Time elapsed: 0.016 sec - in eu.europa.ec.grow.espd.xml.request.exclusion.EspdRequestExclusionCriteriaMarshallingTest
Running eu.europa.ec.grow.espd.xml.request.exclusion.FraudRequestTest
Tests run: 1, Failures: 0, Errors: 0, Skipped: 0, Time elapsed: 0 sec - in eu.europa.ec.grow.espd.xml.request.exclusion.FraudRequestTest
Running eu.europa.ec.grow.espd.xml.request.exclusion.GuiltyOfMisinterpretationRequestTest
Tests run: 1, Failures: 0, Errors: 0, Skipped: 0, Time elapsed: 0 sec - in eu.europa.ec.grow.espd.xml.request.exclusion.GuiltyOfMisinterpretationRequestTest
Running eu.europa.ec.grow.espd.xml.request.exclusion.GuiltyProfessionalMisconductRequestTest
Tests run: 1, Failures: 0, Errors: 0, Skipped: 0, Time elapsed: 0 sec - in eu.europa.ec.grow.espd.xml.request.exclusion.GuiltyProfessionalMisconductRequestTest
Running eu.europa.ec.grow.espd.xml.request.exclusion.InsolvencyRequestTest
Tests run: 1, Failures: 0, Errors: 0, Skipped: 0, Time elapsed: 0.016 sec - in eu.europa.ec.grow.espd.xml.request.exclusion.InsolvencyRequestTest
Running eu.europa.ec.grow.espd.xml.request.exclusion.MoneyLaunderingRequestTest
Tests run: 1, Failures: 0, Errors: 0, Skipped: 0, Time elapsed: 0 sec - in eu.europa.ec.grow.espd.xml.request.exclusion.MoneyLaunderingRequestTest
Running eu.europa.ec.grow.espd.xml.request.exclusion.NationalExclusionGroundsRequestTest
Tests run: 1, Failures: 0, Errors: 0, Skipped: 0, Time elapsed: 0.015 sec - in eu.europa.ec.grow.espd.xml.request.exclusion.NationalExclusionGroundsRequestTest
Running eu.europa.ec.grow.espd.xml.request.exclusion.ParticipationInCriminalOrganisationRequestTest
Tests run: 1, Failures: 0, Errors: 0, Skipped: 0, Time elapsed: 0.016 sec - in eu.europa.ec.grow.espd.xml.request.exclusion.ParticipationInCriminalOrganisationRequestTest
Running eu.europa.ec.grow.espd.xml.request.exclusion.PaymentOfSocialSecurityRequestTest
Tests run: 1, Failures: 0, Errors: 0, Skipped: 0, Time elapsed: 0 sec - in eu.europa.ec.grow.espd.xml.request.exclusion.PaymentOfSocialSecurityRequestTest
Running eu.europa.ec.grow.espd.xml.request.exclusion.PaymentOfTaxesRequestTest
Tests run: 1, Failures: 0, Errors: 0, Skipped: 0, Time elapsed: 0 sec - in eu.europa.ec.grow.espd.xml.request.exclusion.PaymentOfTaxesRequestTest
Running eu.europa.ec.grow.espd.xml.request.exclusion.TerroristOffencesRequestTest
Tests run: 1, Failures: 0, Errors: 0, Skipped: 0, Time elapsed: 0 sec - in eu.europa.ec.grow.espd.xml.request.exclusion.TerroristOffencesRequestTest
Running eu.europa.ec.grow.espd.xml.request.importing.EspdRequestAwardCriteriaImportTest
buildEspdDocument
addPartyInformation
11:48:22.997 [main] WARN eu.europa.ec.grow.espd.xml.common.importing.UblRequestResponseImporter - No TED information found for response ''.
11:48:22.997 [main] WARN eu.europa.ec.grow.espd.xml.common.importing.UblRequestResponseImporter - No NGOJ information found for response ''.
Tests run: 1, Failures: 0, Errors: 0, Skipped: 0, Time elapsed: 0.11 sec - in eu.europa.ec.grow.espd.xml.request.importing.EspdRequestAwardCriteriaImportTest
Running eu.europa.ec.grow.espd.xml.request.importing.EspdRequestExclusionCriteriaImportTest
buildEspdDocument
addPartyInformation
11:48:23.012 [main] WARN eu.europa.ec.grow.espd.xml.common.importing.UblRequestResponseImporter - No TED information found for response ''.
11:48:23.012 [main] WARN eu.europa.ec.grow.espd.xml.common.importing.UblRequestResponseImporter - No NGOJ information found for response ''.
buildEspdDocument
addPartyInformation
11:48:23.012 [main] WARN eu.europa.ec.grow.espd.xml.common.importing.UblRequestResponseImporter - No TED information found for response ''.
11:48:23.012 [main] WARN eu.europa.ec.grow.espd.xml.common.importing.UblRequestResponseImporter - No NGOJ information found for response ''.
Tests run: 2, Failures: 0, Errors: 0, Skipped: 0, Time elapsed: 0.015 sec - in eu.europa.ec.grow.espd.xml.request.importing.EspdRequestExclusionCriteriaImportTest
Running eu.europa.ec.grow.espd.xml.request.importing.EspdRequestOtherInformationImportTest
buildEspdDocument
addPartyInformation
11:48:23.028 [main] WARN eu.europa.ec.grow.espd.xml.common.importing.UblRequestResponseImporter - No NGOJ information found for response ''.
buildEspdDocument
addPartyInformation
11:48:23.028 [main] WARN eu.europa.ec.grow.espd.xml.common.importing.UblRequestResponseImporter - No TED information found for response ''.
11:48:23.028 [main] WARN eu.europa.ec.grow.espd.xml.common.importing.UblRequestResponseImporter - No NGOJ information found for response ''.
buildEspdDocument
addPartyInformation
11:48:23.028 [main] WARN eu.europa.ec.grow.espd.xml.common.importing.UblRequestResponseImporter - No NGOJ information found for response ''.
Tests run: 5, Failures: 0, Errors: 0, Skipped: 0, Time elapsed: 0.032 sec - in eu.europa.ec.grow.espd.xml.request.importing.EspdRequestOtherInformationImportTest
Running eu.europa.ec.grow.espd.xml.request.importing.EspdRequestSelectionCriteriaImportTest
buildEspdDocument
addPartyInformation
11:48:23.044 [main] WARN eu.europa.ec.grow.espd.xml.common.importing.UblRequestResponseImporter - No TED information found for response ''.
11:48:23.044 [main] WARN eu.europa.ec.grow.espd.xml.common.importing.UblRequestResponseImporter - No NGOJ information found for response ''.
buildEspdDocument
addPartyInformation
11:48:23.044 [main] WARN eu.europa.ec.grow.espd.xml.common.importing.UblRequestResponseImporter - No TED information found for response ''.
11:48:23.044 [main] WARN eu.europa.ec.grow.espd.xml.common.importing.UblRequestResponseImporter - No NGOJ information found for response ''.
Tests run: 2, Failures: 0, Errors: 0, Skipped: 0, Time elapsed: 0 sec - in eu.europa.ec.grow.espd.xml.request.importing.EspdRequestSelectionCriteriaImportTest
Running eu.europa.ec.grow.espd.xml.request.selection.AllCriteriaSatisfiedRequestTest
11:48:23.059 [main] WARN eu.europa.ec.grow.espd.xml.common.exporting.UblCriteriaTemplate - ESPD document with TED URL 'null' does not contain any exclusion criteria.
Tests run: 1, Failures: 0, Errors: 0, Skipped: 0, Time elapsed: 0 sec - in eu.europa.ec.grow.espd.xml.request.selection.AllCriteriaSatisfiedRequestTest
Running eu.europa.ec.grow.espd.xml.request.selection.AllowanceOfChecksRequestTest
11:48:23.059 [main] WARN eu.europa.ec.grow.espd.xml.common.exporting.UblCriteriaTemplate - ESPD document with TED URL 'null' does not contain any exclusion criteria.
Tests run: 1, Failures: 0, Errors: 0, Skipped: 0, Time elapsed: 0 sec - in eu.europa.ec.grow.espd.xml.request.selection.AllowanceOfChecksRequestTest
Running eu.europa.ec.grow.espd.xml.request.selection.AverageAnnualManpowerRequestTest
11:48:23.059 [main] WARN eu.europa.ec.grow.espd.xml.common.exporting.UblCriteriaTemplate - ESPD document with TED URL 'null' does not contain any exclusion criteria.
Tests run: 1, Failures: 0, Errors: 0, Skipped: 0, Time elapsed: 0 sec - in eu.europa.ec.grow.espd.xml.request.selection.AverageAnnualManpowerRequestTest
Running eu.europa.ec.grow.espd.xml.request.selection.AverageYearlyTurnoverRequestTest
11:48:23.059 [main] WARN eu.europa.ec.grow.espd.xml.common.exporting.UblCriteriaTemplate - ESPD document with TED URL 'null' does not contain any exclusion criteria.
Tests run: 1, Failures: 0, Errors: 0, Skipped: 0, Time elapsed: 0 sec - in eu.europa.ec.grow.espd.xml.request.selection.AverageYearlyTurnoverRequestTest
Running eu.europa.ec.grow.espd.xml.request.selection.CertificatesIndependentBodiesEnvironmentalRequestTest
11:48:23.075 [main] WARN eu.europa.ec.grow.espd.xml.common.exporting.UblCriteriaTemplate - ESPD document with TED URL 'null' does not contain any exclusion criteria.
Tests run: 1, Failures: 0, Errors: 0, Skipped: 0, Time elapsed: 0 sec - in eu.europa.ec.grow.espd.xml.request.selection.CertificatesIndependentBodiesEnvironmentalRequestTest
Running eu.europa.ec.grow.espd.xml.request.selection.CertificatesIndependentBodiesQARequestTest
11:48:23.075 [main] WARN eu.europa.ec.grow.espd.xml.common.exporting.UblCriteriaTemplate - ESPD document with TED URL 'null' does not contain any exclusion criteria.
Tests run: 1, Failures: 0, Errors: 0, Skipped: 0, Time elapsed: 0 sec - in eu.europa.ec.grow.espd.xml.request.selection.CertificatesIndependentBodiesQARequestTest
Running eu.europa.ec.grow.espd.xml.request.selection.EducationalProfessionalQualificationsRequestTest
11:48:23.075 [main] WARN eu.europa.ec.grow.espd.xml.common.exporting.UblCriteriaTemplate - ESPD document with TED URL 'null' does not contain any exclusion criteria.
Tests run: 1, Failures: 0, Errors: 0, Skipped: 0, Time elapsed: 0 sec - in eu.europa.ec.grow.espd.xml.request.selection.EducationalProfessionalQualificationsRequestTest
Running eu.europa.ec.grow.espd.xml.request.selection.EnrolmentProfessionalRegisterRequestTest
11:48:23.090 [main] WARN eu.europa.ec.grow.espd.xml.common.exporting.UblCriteriaTemplate - ESPD document with TED URL 'null' does not contain any exclusion criteria.
Tests run: 1, Failures: 0, Errors: 0, Skipped: 0, Time elapsed: 0 sec - in eu.europa.ec.grow.espd.xml.request.selection.EnrolmentProfessionalRegisterRequestTest
Running eu.europa.ec.grow.espd.xml.request.selection.EnrolmentTradeRegisterRequestTest
11:48:23.090 [main] WARN eu.europa.ec.grow.espd.xml.common.exporting.UblCriteriaTemplate - ESPD document with TED URL 'null' does not contain any exclusion criteria.
Tests run: 1, Failures: 0, Errors: 0, Skipped: 0, Time elapsed: 0 sec - in eu.europa.ec.grow.espd.xml.request.selection.EnrolmentTradeRegisterRequestTest
Running eu.europa.ec.grow.espd.xml.request.selection.EnrolmentTradeRegisterResponseTest
11:48:23.090 [main] WARN eu.europa.ec.grow.espd.xml.common.exporting.UblCriteriaTemplate - ESPD document with TED URL 'null' does not contain any exclusion criteria.
11:48:23.106 [main] WARN eu.europa.ec.grow.espd.xml.common.exporting.UblCriteriaTemplate - ESPD document with TED URL 'null' does not contain any exclusion criteria.
11:48:23.106 [main] WARN eu.europa.ec.grow.espd.xml.common.exporting.UblCriteriaTemplate - ESPD document with TED URL 'null' does not contain any exclusion criteria.
11:48:23.122 [main] WARN eu.europa.ec.grow.espd.xml.common.exporting.UblCriteriaTemplate - ESPD document with TED URL 'null' does not contain any exclusion criteria.
11:48:23.122 [main] WARN eu.europa.ec.grow.espd.xml.common.exporting.UblCriteriaTemplate - ESPD document with TED URL 'null' does not contain any exclusion criteria.
Tests run: 5, Failures: 0, Errors: 0, Skipped: 0, Time elapsed: 0.031 sec - in eu.europa.ec.grow.espd.xml.request.selection.EnrolmentTradeRegisterResponseTest
Running eu.europa.ec.grow.espd.xml.request.selection.EnvironmentalManagementMeasuresRequestTest
11:48:23.137 [main] WARN eu.europa.ec.grow.espd.xml.common.exporting.UblCriteriaTemplate - ESPD document with TED URL 'null' does not contain any exclusion criteria.
Tests run: 1, Failures: 0, Errors: 0, Skipped: 0, Time elapsed: 0 sec - in eu.europa.ec.grow.espd.xml.request.selection.EnvironmentalManagementMeasuresRequestTest
Running eu.europa.ec.grow.espd.xml.request.selection.EspdRequestSelectionCriteriaMarshallingTest
11:48:23.137 [main] WARN eu.europa.ec.grow.espd.xml.common.exporting.UblCriteriaTemplate - ESPD document with TED URL 'null' does not contain any exclusion criteria.
11:48:23.137 [main] WARN eu.europa.ec.grow.espd.xml.common.exporting.UblCriteriaTemplate - ESPD document with TED URL 'null' does not contain any exclusion criteria.
11:48:23.137 [main] WARN eu.europa.ec.grow.espd.xml.common.exporting.UblCriteriaTemplate - ESPD document with TED URL 'null' does not contain any exclusion criteria.
Tests run: 3, Failures: 0, Errors: 0, Skipped: 0, Time elapsed: 0.016 sec - in eu.europa.ec.grow.espd.xml.request.selection.EspdRequestSelectionCriteriaMarshallingTest
Running eu.europa.ec.grow.espd.xml.request.selection.FinancialRatioRequestTest
11:48:23.153 [main] WARN eu.europa.ec.grow.espd.xml.common.exporting.UblCriteriaTemplate - ESPD document with TED URL 'null' does not contain any exclusion criteria.
Tests run: 1, Failures: 0, Errors: 0, Skipped: 0, Time elapsed: 0 sec - in eu.europa.ec.grow.espd.xml.request.selection.FinancialRatioRequestTest
Running eu.europa.ec.grow.espd.xml.request.selection.GeneralYearlyTurnoverRequestTest
11:48:23.153 [main] WARN eu.europa.ec.grow.espd.xml.common.exporting.UblCriteriaTemplate - ESPD document with TED URL 'null' does not contain any exclusion criteria.
Tests run: 1, Failures: 0, Errors: 0, Skipped: 0, Time elapsed: 0 sec - in eu.europa.ec.grow.espd.xml.request.selection.GeneralYearlyTurnoverRequestTest
Running eu.europa.ec.grow.espd.xml.request.selection.NumberOfManagerialStaffRequestTest
11:48:23.153 [main] WARN eu.europa.ec.grow.espd.xml.common.exporting.UblCriteriaTemplate - ESPD document with TED URL 'null' does not contain any exclusion criteria.
Tests run: 1, Failures: 0, Errors: 0, Skipped: 0, Time elapsed: 0 sec - in eu.europa.ec.grow.espd.xml.request.selection.NumberOfManagerialStaffRequestTest
Running eu.europa.ec.grow.espd.xml.request.selection.OtherEconomicFinancialRequirementsRequestTest
11:48:23.169 [main] WARN eu.europa.ec.grow.espd.xml.common.exporting.UblCriteriaTemplate - ESPD document with TED URL 'null' does not contain any exclusion criteria.
Tests run: 1, Failures: 0, Errors: 0, Skipped: 0, Time elapsed: 0 sec - in eu.europa.ec.grow.espd.xml.request.selection.OtherEconomicFinancialRequirementsRequestTest
Running eu.europa.ec.grow.espd.xml.request.selection.ProfessionalRiskIndemnityRequestTest
11:48:23.169 [main] WARN eu.europa.ec.grow.espd.xml.common.exporting.UblCriteriaTemplate - ESPD document with TED URL 'null' does not contain any exclusion criteria.
Tests run: 1, Failures: 0, Errors: 0, Skipped: 0, Time elapsed: 0 sec - in eu.europa.ec.grow.espd.xml.request.selection.ProfessionalRiskIndemnityRequestTest
Running eu.europa.ec.grow.espd.xml.request.selection.ServiceContractsPerformanceServicesRequestTest
11:48:23.169 [main] WARN eu.europa.ec.grow.espd.xml.common.exporting.UblCriteriaTemplate - ESPD document with TED URL 'null' does not contain any exclusion criteria.
Tests run: 1, Failures: 0, Errors: 0, Skipped: 0, Time elapsed: 0 sec - in eu.europa.ec.grow.espd.xml.request.selection.ServiceContractsPerformanceServicesRequestTest
Running eu.europa.ec.grow.espd.xml.request.selection.SetupEconomicOperatorRequestTest
11:48:23.184 [main] WARN eu.europa.ec.grow.espd.xml.common.exporting.UblCriteriaTemplate - ESPD document with TED URL 'null' does not contain any exclusion criteria.
Tests run: 1, Failures: 0, Errors: 0, Skipped: 0, Time elapsed: 0 sec - in eu.europa.ec.grow.espd.xml.request.selection.SetupEconomicOperatorRequestTest
Running eu.europa.ec.grow.espd.xml.request.selection.SpecificAverageTurnoverRequestTest
11:48:23.184 [main] WARN eu.europa.ec.grow.espd.xml.common.exporting.UblCriteriaTemplate - ESPD document with TED URL 'null' does not contain any exclusion criteria.
Tests run: 1, Failures: 0, Errors: 0, Skipped: 0, Time elapsed: 0 sec - in eu.europa.ec.grow.espd.xml.request.selection.SpecificAverageTurnoverRequestTest
Running eu.europa.ec.grow.espd.xml.request.selection.SpecificYearlyTurnoverRequestTest
11:48:23.184 [main] WARN eu.europa.ec.grow.espd.xml.common.exporting.UblCriteriaTemplate - ESPD document with TED URL 'null' does not contain any exclusion criteria.
Tests run: 1, Failures: 0, Errors: 0, Skipped: 0, Time elapsed: 0 sec - in eu.europa.ec.grow.espd.xml.request.selection.SpecificYearlyTurnoverRequestTest
Running eu.europa.ec.grow.espd.xml.request.selection.StudyResearchFacilitiesRequestTest
11:48:23.184 [main] WARN eu.europa.ec.grow.espd.xml.common.exporting.UblCriteriaTemplate - ESPD document with TED URL 'null' does not contain any exclusion criteria.
Tests run: 1, Failures: 0, Errors: 0, Skipped: 0, Time elapsed: 0 sec - in eu.europa.ec.grow.espd.xml.request.selection.StudyResearchFacilitiesRequestTest
Running eu.europa.ec.grow.espd.xml.request.selection.SubcontractingProportionRequestTest
11:48:23.200 [main] WARN eu.europa.ec.grow.espd.xml.common.exporting.UblCriteriaTemplate - ESPD document with TED URL 'null' does not contain any exclusion criteria.
Tests run: 1, Failures: 0, Errors: 0, Skipped: 0, Time elapsed: 0 sec - in eu.europa.ec.grow.espd.xml.request.selection.SubcontractingProportionRequestTest
Running eu.europa.ec.grow.espd.xml.request.selection.SupplyChainManagementRequestTest
11:48:23.200 [main] WARN eu.europa.ec.grow.espd.xml.common.exporting.UblCriteriaTemplate - ESPD document with TED URL 'null' does not contain any exclusion criteria.
Tests run: 1, Failures: 0, Errors: 0, Skipped: 0, Time elapsed: 0 sec - in eu.europa.ec.grow.espd.xml.request.selection.SupplyChainManagementRequestTest
Running eu.europa.ec.grow.espd.xml.request.selection.SupplyContractsCertificatesByQCRequestTest
11:48:23.200 [main] WARN eu.europa.ec.grow.espd.xml.common.exporting.UblCriteriaTemplate - ESPD document with TED URL 'null' does not contain any exclusion criteria.
Tests run: 1, Failures: 0, Errors: 0, Skipped: 0, Time elapsed: 0 sec - in eu.europa.ec.grow.espd.xml.request.selection.SupplyContractsCertificatesByQCRequestTest
Running eu.europa.ec.grow.espd.xml.request.selection.SupplyContractsPerformanceDeliveriesRequestTest
11:48:23.200 [main] WARN eu.europa.ec.grow.espd.xml.common.exporting.UblCriteriaTemplate - ESPD document with TED URL 'null' does not contain any exclusion criteria.
Tests run: 1, Failures: 0, Errors: 0, Skipped: 0, Time elapsed: 0 sec - in eu.europa.ec.grow.espd.xml.request.selection.SupplyContractsPerformanceDeliveriesRequestTest
Running eu.europa.ec.grow.espd.xml.request.selection.SupplyContractsSamplesWithCARequestTest
11:48:23.215 [main] WARN eu.europa.ec.grow.espd.xml.common.exporting.UblCriteriaTemplate - ESPD document with TED URL 'null' does not contain any exclusion criteria.
Tests run: 1, Failures: 0, Errors: 0, Skipped: 0, Time elapsed: 0 sec - in eu.europa.ec.grow.espd.xml.request.selection.SupplyContractsSamplesWithCARequestTest
Running eu.europa.ec.grow.espd.xml.request.selection.SupplyContractsSamplesWithoutCARequestTest
11:48:23.215 [main] WARN eu.europa.ec.grow.espd.xml.common.exporting.UblCriteriaTemplate - ESPD document with TED URL 'null' does not contain any exclusion criteria.
Tests run: 1, Failures: 0, Errors: 0, Skipped: 0, Time elapsed: 0 sec - in eu.europa.ec.grow.espd.xml.request.selection.SupplyContractsSamplesWithoutCARequestTest
Running eu.europa.ec.grow.espd.xml.request.selection.TechnicalFacilitiesRequestTest
11:48:23.231 [main] WARN eu.europa.ec.grow.espd.xml.common.exporting.UblCriteriaTemplate - ESPD document with TED URL 'null' does not contain any exclusion criteria.
Tests run: 1, Failures: 0, Errors: 0, Skipped: 0, Time elapsed: 0 sec - in eu.europa.ec.grow.espd.xml.request.selection.TechnicalFacilitiesRequestTest
Running eu.europa.ec.grow.espd.xml.request.selection.ToolsPlantRequestTest
11:48:23.231 [main] WARN eu.europa.ec.grow.espd.xml.common.exporting.UblCriteriaTemplate - ESPD document with TED URL 'null' does not contain any exclusion criteria.
Tests run: 1, Failures: 0, Errors: 0, Skipped: 0, Time elapsed: 0 sec - in eu.europa.ec.grow.espd.xml.request.selection.ToolsPlantRequestTest
Running eu.europa.ec.grow.espd.xml.request.selection.WorkContractsPerformanceWorksRequestTest
11:48:23.247 [main] WARN eu.europa.ec.grow.espd.xml.common.exporting.UblCriteriaTemplate - ESPD document with TED URL 'null' does not contain any exclusion criteria.
Tests run: 1, Failures: 0, Errors: 0, Skipped: 0, Time elapsed: 0 sec - in eu.europa.ec.grow.espd.xml.request.selection.WorkContractsPerformanceWorksRequestTest
Running eu.europa.ec.grow.espd.xml.response.award.EconomicOperatorParticipatingProcurementProcedureResponseTest
11:48:23.247 [main] WARN eu.europa.ec.grow.espd.xml.common.exporting.UblCriteriaTemplate - ESPD document with TED URL 'null' does not contain any exclusion criteria.
11:48:23.247 [main] WARN eu.europa.ec.grow.espd.xml.common.exporting.UblCriteriaTemplate - ESPD document with TED URL 'null' does not contain any exclusion criteria.
11:48:23.262 [main] WARN eu.europa.ec.grow.espd.xml.common.exporting.UblCriteriaTemplate - ESPD document with TED URL 'null' does not contain any exclusion criteria.
11:48:23.262 [main] WARN eu.europa.ec.grow.espd.xml.common.exporting.UblCriteriaTemplate - ESPD document with TED URL 'null' does not contain any exclusion criteria.
11:48:23.278 [main] WARN eu.europa.ec.grow.espd.xml.common.exporting.UblCriteriaTemplate - ESPD document with TED URL 'null' does not contain any exclusion criteria.
Tests run: 5, Failures: 0, Errors: 0, Skipped: 0, Time elapsed: 0 sec - in eu.europa.ec.grow.espd.xml.response.award.EconomicOperatorParticipatingProcurementProcedureResponseTest
Running eu.europa.ec.grow.espd.xml.response.award.EconomicOperatorRegisteredResponseTest
11:48:23.278 [main] WARN eu.europa.ec.grow.espd.xml.common.exporting.UblCriteriaTemplate - ESPD document with TED URL 'null' does not contain any exclusion criteria.
11:48:23.278 [main] WARN eu.europa.ec.grow.espd.xml.common.exporting.UblCriteriaTemplate - ESPD document with TED URL 'null' does not contain any exclusion criteria.
11:48:23.294 [main] WARN eu.europa.ec.grow.espd.xml.common.exporting.UblCriteriaTemplate - ESPD document with TED URL 'null' does not contain any exclusion criteria.
11:48:23.309 [main] WARN eu.europa.ec.grow.espd.xml.common.exporting.UblCriteriaTemplate - ESPD document with TED URL 'null' does not contain any exclusion criteria.
11:48:23.309 [main] WARN eu.europa.ec.grow.espd.xml.common.exporting.UblCriteriaTemplate - ESPD document with TED URL 'null' does not contain any exclusion criteria.
11:48:23.325 [main] WARN eu.europa.ec.grow.espd.xml.common.exporting.UblCriteriaTemplate - ESPD document with TED URL 'null' does not contain any exclusion criteria.
11:48:23.325 [main] WARN eu.europa.ec.grow.espd.xml.common.exporting.UblCriteriaTemplate - ESPD document with TED URL 'null' does not contain any exclusion criteria.
11:48:23.325 [main] WARN eu.europa.ec.grow.espd.xml.common.exporting.UblCriteriaTemplate - ESPD document with TED URL 'null' does not contain any exclusion criteria.
Tests run: 8, Failures: 0, Errors: 0, Skipped: 0, Time elapsed: 0.063 sec - in eu.europa.ec.grow.espd.xml.response.award.EconomicOperatorRegisteredResponseTest
Running eu.europa.ec.grow.espd.xml.response.award.EconomicOperatorReliesCapacitiesResponseTest
11:48:23.341 [main] WARN eu.europa.ec.grow.espd.xml.common.exporting.UblCriteriaTemplate - ESPD document with TED URL 'null' does not contain any exclusion criteria.
11:48:23.341 [main] WARN eu.europa.ec.grow.espd.xml.common.exporting.UblCriteriaTemplate - ESPD document with TED URL 'null' does not contain any exclusion criteria.
Tests run: 2, Failures: 0, Errors: 0, Skipped: 0, Time elapsed: 0.015 sec - in eu.europa.ec.grow.espd.xml.response.award.EconomicOperatorReliesCapacitiesResponseTest
Running eu.europa.ec.grow.espd.xml.response.award.MeetsObjectiveResponseTest
11:48:23.356 [main] WARN eu.europa.ec.grow.espd.xml.common.exporting.UblCriteriaTemplate - ESPD document with TED URL 'null' does not contain any exclusion criteria.
11:48:23.356 [main] WARN eu.europa.ec.grow.espd.xml.common.exporting.UblCriteriaTemplate - ESPD document with TED URL 'null' does not contain any exclusion criteria.
11:48:23.372 [main] WARN eu.europa.ec.grow.espd.xml.common.exporting.UblCriteriaTemplate - ESPD document with TED URL 'null' does not contain any exclusion criteria.
11:48:23.387 [main] WARN eu.europa.ec.grow.espd.xml.common.exporting.UblCriteriaTemplate - ESPD document with TED URL 'null' does not contain any exclusion criteria.
11:48:23.387 [main] WARN eu.europa.ec.grow.espd.xml.common.exporting.UblCriteriaTemplate - ESPD document with TED URL 'null' does not contain any exclusion criteria.
11:48:23.387 [main] WARN eu.europa.ec.grow.espd.xml.common.exporting.UblCriteriaTemplate - ESPD document with TED URL 'null' does not contain any exclusion criteria.
Tests run: 6, Failures: 0, Errors: 0, Skipped: 0, Time elapsed: 0.047 sec - in eu.europa.ec.grow.espd.xml.response.award.MeetsObjectiveResponseTest
Running eu.europa.ec.grow.espd.xml.response.award.ProcurementReservedResponseTest
11:48:23.403 [main] WARN eu.europa.ec.grow.espd.xml.common.exporting.UblCriteriaTemplate - ESPD document with TED URL 'null' does not contain any exclusion criteria.
11:48:23.403 [main] WARN eu.europa.ec.grow.espd.xml.common.exporting.UblCriteriaTemplate - ESPD document with TED URL 'null' does not contain any exclusion criteria.
11:48:23.419 [main] WARN eu.europa.ec.grow.espd.xml.common.exporting.UblCriteriaTemplate - ESPD document with TED URL 'null' does not contain any exclusion criteria.
11:48:23.419 [main] WARN eu.europa.ec.grow.espd.xml.common.exporting.UblCriteriaTemplate - ESPD document with TED URL 'null' does not contain any exclusion criteria.
Tests run: 4, Failures: 0, Errors: 0, Skipped: 0, Time elapsed: 0.016 sec - in eu.europa.ec.grow.espd.xml.response.award.ProcurementReservedResponseTest
Running eu.europa.ec.grow.espd.xml.response.award.SucontractingThirdPartiesResponseTest
11:48:23.419 [main] WARN eu.europa.ec.grow.espd.xml.common.exporting.UblCriteriaTemplate - ESPD document with TED URL 'null' does not contain any exclusion criteria.
11:48:23.450 [main] WARN eu.europa.ec.grow.espd.xml.common.exporting.UblCriteriaTemplate - ESPD document with TED URL 'null' does not contain any exclusion criteria.
11:48:23.450 [main] WARN eu.europa.ec.grow.espd.xml.common.exporting.UblCriteriaTemplate - ESPD document with TED URL 'null' does not contain any exclusion criteria.
Tests run: 3, Failures: 0, Errors: 0, Skipped: 0, Time elapsed: 0.016 sec - in eu.europa.ec.grow.espd.xml.response.award.SucontractingThirdPartiesResponseTest
Running eu.europa.ec.grow.espd.xml.response.CriterionRequirementsTest
11:48:23.497 [main] WARN eu.europa.ec.grow.espd.xml.common.exporting.UblCriteriaTemplate - ESPD document with TED URL 'null' does not contain any exclusion criteria.
11:48:23.497 [main] WARN eu.europa.ec.grow.espd.xml.common.exporting.UblCriteriaTemplate - ESPD document with TED URL 'null' does not contain any exclusion criteria.
11:48:23.512 [main] WARN eu.europa.ec.grow.espd.xml.common.exporting.UblCriteriaTemplate - ESPD document with TED URL 'null' does not contain any exclusion criteria.
11:48:23.512 [main] WARN eu.europa.ec.grow.espd.xml.common.exporting.UblCriteriaTemplate - ESPD document with TED URL 'null' does not contain any exclusion criteria.
Tests run: 10, Failures: 0, Errors: 0, Skipped: 0, Time elapsed: 0.031 sec - in eu.europa.ec.grow.espd.xml.response.CriterionRequirementsTest
Running eu.europa.ec.grow.espd.xml.response.EspdResponseCriteriaTest
11:48:23.512 [main] WARN eu.europa.ec.grow.espd.xml.common.exporting.UblCriteriaTemplate - ESPD document with TED URL 'null' does not contain any exclusion criteria.
11:48:23.528 [main] WARN eu.europa.ec.grow.espd.xml.common.exporting.UblCriteriaTemplate - ESPD document with TED URL 'null' does not contain any exclusion criteria.
11:48:23.528 [main] WARN eu.europa.ec.grow.espd.xml.common.exporting.UblCriteriaTemplate - ESPD document with TED URL 'null' does not contain any exclusion criteria.
Tests run: 4, Failures: 0, Errors: 0, Skipped: 0, Time elapsed: 0.016 sec - in eu.europa.ec.grow.espd.xml.response.EspdResponseCriteriaTest
Running eu.europa.ec.grow.espd.xml.response.EspdResponseMarshallingTest
11:48:23.544 [main] WARN eu.europa.ec.grow.espd.xml.common.exporting.UblCriteriaTemplate - ESPD document with TED URL 'null' does not contain any exclusion criteria.
11:48:23.544 [main] WARN eu.europa.ec.grow.espd.xml.common.exporting.UblCriteriaTemplate - ESPD document with TED URL 'null' does not contain any exclusion criteria.
11:48:23.559 [main] WARN eu.europa.ec.grow.espd.xml.common.exporting.UblCriteriaTemplate - ESPD document with TED URL 'null' does not contain any exclusion criteria.
11:48:23.559 [main] WARN eu.europa.ec.grow.espd.xml.common.exporting.UblCriteriaTemplate - ESPD document with TED URL 'null' does not contain any exclusion criteria.
11:48:23.559 [main] WARN eu.europa.ec.grow.espd.xml.common.exporting.UblCriteriaTemplate - ESPD document with TED URL 'null' does not contain any exclusion criteria.
11:48:23.700 [main] WARN eu.europa.ec.grow.espd.xml.common.exporting.UblCriteriaTemplate - ESPD document with TED URL 'null' does not contain any exclusion criteria.
11:48:23.700 [main] WARN eu.europa.ec.grow.espd.xml.common.exporting.UblCriteriaTemplate - ESPD document with TED URL 'null' does not contain any exclusion criteria.
11:48:23.716 [main] WARN eu.europa.ec.grow.espd.xml.common.exporting.UblCriteriaTemplate - ESPD document with TED URL 'null' does not contain any exclusion criteria.
11:48:23.716 [main] WARN eu.europa.ec.grow.espd.xml.common.exporting.UblCriteriaTemplate - ESPD document with TED URL 'null' does not contain any exclusion criteria.
11:48:23.716 [main] WARN eu.europa.ec.grow.espd.xml.common.exporting.UblCriteriaTemplate - ESPD document with TED URL 'null' does not contain any exclusion criteria.
11:48:23.731 [main] WARN eu.europa.ec.grow.espd.xml.common.exporting.UblCriteriaTemplate - ESPD document with TED URL 'null' does not contain any exclusion criteria.
11:48:23.731 [main] WARN eu.europa.ec.grow.espd.xml.common.exporting.UblCriteriaTemplate - ESPD document with TED URL 'null' does not contain any exclusion criteria.
11:48:23.747 [main] WARN eu.europa.ec.grow.espd.xml.common.exporting.UblCriteriaTemplate - ESPD document with TED URL 'null' does not contain any exclusion criteria.
11:48:23.747 [main] WARN eu.europa.ec.grow.espd.xml.common.exporting.UblCriteriaTemplate - ESPD document with TED URL 'null' does not contain any exclusion criteria.
11:48:23.747 [main] WARN eu.europa.ec.grow.espd.xml.common.exporting.UblCriteriaTemplate - ESPD document with TED URL 'null' does not contain any exclusion criteria.
11:48:23.762 [main] WARN eu.europa.ec.grow.espd.xml.common.exporting.UblCriteriaTemplate - ESPD document with TED URL 'null' does not contain any exclusion criteria.
11:48:23.762 [main] WARN eu.europa.ec.grow.espd.xml.common.exporting.UblCriteriaTemplate - ESPD document with TED URL 'null' does not contain any exclusion criteria.
11:48:23.778 [main] WARN eu.europa.ec.grow.espd.xml.common.exporting.UblCriteriaTemplate - ESPD document with TED URL 'http://ted.europa.eu/udl?uri=TED:NOTICE:002226-2016:TEXT:ES:HTML' does not contain any exclusion criteria.
11:48:23.778 [main] WARN eu.europa.ec.grow.espd.xml.common.exporting.UblCriteriaTemplate - ESPD document with TED URL 'http://ted.europa.eu/udl?uri=TED:NOTICE:002226-2016:TEXT:ES:HTML' does not contain any exclusion criteria.
11:48:23.778 [main] WARN eu.europa.ec.grow.espd.xml.common.exporting.UblCriteriaTemplate - ESPD document with TED URL 'null' does not contain any exclusion criteria.
11:48:23.825 [main] WARN eu.europa.ec.grow.espd.xml.common.exporting.UblCriteriaTemplate - ESPD document with TED URL 'null' does not contain any exclusion criteria.
11:48:23.825 [main] WARN eu.europa.ec.grow.espd.xml.common.exporting.UblCriteriaTemplate - ESPD document with TED URL 'null' does not contain any exclusion criteria.
11:48:23.841 [main] WARN eu.europa.ec.grow.espd.xml.common.exporting.UblCriteriaTemplate - ESPD document with TED URL 'null' does not contain any exclusion criteria.
11:48:23.841 [main] WARN eu.europa.ec.grow.espd.xml.common.exporting.UblCriteriaTemplate - ESPD document with TED URL 'null' does not contain any exclusion criteria.
Tests run: 24, Failures: 0, Errors: 0, Skipped: 0, Time elapsed: 0.297 sec - in eu.europa.ec.grow.espd.xml.response.EspdResponseMarshallingTest
Running eu.europa.ec.grow.espd.xml.response.exclusion.AgreementsWithEOResponseTest
Tests run: 5, Failures: 0, Errors: 0, Skipped: 0, Time elapsed: 0.016 sec - in eu.europa.ec.grow.espd.xml.response.exclusion.AgreementsWithEOResponseTest
Running eu.europa.ec.grow.espd.xml.response.exclusion.AnalogousSituationResponseTest
Tests run: 7, Failures: 0, Errors: 0, Skipped: 0, Time elapsed: 0.062 sec - in eu.europa.ec.grow.espd.xml.response.exclusion.AnalogousSituationResponseTest
Running eu.europa.ec.grow.espd.xml.response.exclusion.ArrangementWithCreditorsResponseTest
Tests run: 7, Failures: 0, Errors: 0, Skipped: 0, Time elapsed: 0.032 sec - in eu.europa.ec.grow.espd.xml.response.exclusion.ArrangementWithCreditorsResponseTest
Running eu.europa.ec.grow.espd.xml.response.exclusion.AssetsAdministeredByLiquidatorResponseTest
Tests run: 7, Failures: 0, Errors: 0, Skipped: 0, Time elapsed: 0.031 sec - in eu.europa.ec.grow.espd.xml.response.exclusion.AssetsAdministeredByLiquidatorResponseTest
Running eu.europa.ec.grow.espd.xml.response.exclusion.BankruptcyResponseTest
Tests run: 7, Failures: 0, Errors: 0, Skipped: 0, Time elapsed: 0.063 sec - in eu.europa.ec.grow.espd.xml.response.exclusion.BankruptcyResponseTest
Running eu.europa.ec.grow.espd.xml.response.exclusion.BreachingObligationsEnvironmentalResponseTest
Tests run: 5, Failures: 0, Errors: 0, Skipped: 0, Time elapsed: 0.016 sec - in eu.europa.ec.grow.espd.xml.response.exclusion.BreachingObligationsEnvironmentalResponseTest
Running eu.europa.ec.grow.espd.xml.response.exclusion.BreachingObligationsLabourResponseTest
Tests run: 5, Failures: 0, Errors: 0, Skipped: 0, Time elapsed: 0.047 sec - in eu.europa.ec.grow.espd.xml.response.exclusion.BreachingObligationsLabourResponseTest
Running eu.europa.ec.grow.espd.xml.response.exclusion.BreachingObligationsSocialResponseTest
Tests run: 5, Failures: 0, Errors: 0, Skipped: 0, Time elapsed: 0.016 sec - in eu.europa.ec.grow.espd.xml.response.exclusion.BreachingObligationsSocialResponseTest
Running eu.europa.ec.grow.espd.xml.response.exclusion.BusinessActivitiesSuspendedResponseTest
Tests run: 7, Failures: 0, Errors: 0, Skipped: 0, Time elapsed: 0.032 sec - in eu.europa.ec.grow.espd.xml.response.exclusion.BusinessActivitiesSuspendedResponseTest
Running eu.europa.ec.grow.espd.xml.response.exclusion.ChildLabourResponseTest
Tests run: 11, Failures: 0, Errors: 0, Skipped: 0, Time elapsed: 0.078 sec - in eu.europa.ec.grow.espd.xml.response.exclusion.ChildLabourResponseTest
Running eu.europa.ec.grow.espd.xml.response.exclusion.ConflictOfInterestParticipationProcurementProcedureResponseTest
Tests run: 3, Failures: 0, Errors: 0, Skipped: 0, Time elapsed: 0.015 sec - in eu.europa.ec.grow.espd.xml.response.exclusion.ConflictOfInterestParticipationProcurementProcedureResponseTest
Running eu.europa.ec.grow.espd.xml.response.exclusion.CorruptionResponseTest
Tests run: 11, Failures: 0, Errors: 0, Skipped: 0, Time elapsed: 0.266 sec - in eu.europa.ec.grow.espd.xml.response.exclusion.CorruptionResponseTest
Running eu.europa.ec.grow.espd.xml.response.exclusion.DirectInvolvementPreparationProcurementResponseTest
Tests run: 3, Failures: 0, Errors: 0, Skipped: 0, Time elapsed: 0.015 sec - in eu.europa.ec.grow.espd.xml.response.exclusion.DirectInvolvementPreparationProcurementResponseTest
Running eu.europa.ec.grow.espd.xml.response.exclusion.EarlyTerminationResponseTest
Tests run: 5, Failures: 0, Errors: 0, Skipped: 0, Time elapsed: 0.016 sec - in eu.europa.ec.grow.espd.xml.response.exclusion.EarlyTerminationResponseTest
Running eu.europa.ec.grow.espd.xml.response.exclusion.FraudResponseTest
Tests run: 11, Failures: 0, Errors: 0, Skipped: 0, Time elapsed: 0.125 sec - in eu.europa.ec.grow.espd.xml.response.exclusion.FraudResponseTest
Running eu.europa.ec.grow.espd.xml.response.exclusion.GuiltyOfMisinterpretationResponseTest
Tests run: 2, Failures: 0, Errors: 0, Skipped: 0, Time elapsed: 0.015 sec - in eu.europa.ec.grow.espd.xml.response.exclusion.GuiltyOfMisinterpretationResponseTest
Running eu.europa.ec.grow.espd.xml.response.exclusion.GuiltyProfessionalMisconductResponseTest
Tests run: 5, Failures: 0, Errors: 0, Skipped: 0, Time elapsed: 0.016 sec - in eu.europa.ec.grow.espd.xml.response.exclusion.GuiltyProfessionalMisconductResponseTest
Running eu.europa.ec.grow.espd.xml.response.exclusion.InsolvencyResponseTest
Tests run: 7, Failures: 0, Errors: 0, Skipped: 0, Time elapsed: 0.032 sec - in eu.europa.ec.grow.espd.xml.response.exclusion.InsolvencyResponseTest
Running eu.europa.ec.grow.espd.xml.response.exclusion.MixedExclusionCriteriaResponseTest
Tests run: 3, Failures: 0, Errors: 0, Skipped: 0, Time elapsed: 0.015 sec - in eu.europa.ec.grow.espd.xml.response.exclusion.MixedExclusionCriteriaResponseTest
Running eu.europa.ec.grow.espd.xml.response.exclusion.MoneyLaunderingResponseTest
Tests run: 11, Failures: 0, Errors: 0, Skipped: 0, Time elapsed: 0.094 sec - in eu.europa.ec.grow.espd.xml.response.exclusion.MoneyLaunderingResponseTest
Running eu.europa.ec.grow.espd.xml.response.exclusion.NationalExclusionGroundsResponseTest
Tests run: 8, Failures: 0, Errors: 0, Skipped: 0, Time elapsed: 0.047 sec - in eu.europa.ec.grow.espd.xml.response.exclusion.NationalExclusionGroundsResponseTest
Running eu.europa.ec.grow.espd.xml.response.exclusion.ParticipationInCriminalOrganisationResponseTest
Tests run: 11, Failures: 0, Errors: 0, Skipped: 0, Time elapsed: 0.078 sec - in eu.europa.ec.grow.espd.xml.response.exclusion.ParticipationInCriminalOrganisationResponseTest
Running eu.europa.ec.grow.espd.xml.response.exclusion.PaymentOfSocialSecurityResponseTest
Tests run: 14, Failures: 0, Errors: 0, Skipped: 0, Time elapsed: 0.062 sec - in eu.europa.ec.grow.espd.xml.response.exclusion.PaymentOfSocialSecurityResponseTest
Running eu.europa.ec.grow.espd.xml.response.exclusion.PaymentOfTaxesResponseTest
Tests run: 14, Failures: 0, Errors: 0, Skipped: 0, Time elapsed: 0.328 sec - in eu.europa.ec.grow.espd.xml.response.exclusion.PaymentOfTaxesResponseTest
Running eu.europa.ec.grow.espd.xml.response.exclusion.TerroristOffencesResponseTest
Tests run: 11, Failures: 0, Errors: 0, Skipped: 0, Time elapsed: 0.406 sec - in eu.europa.ec.grow.espd.xml.response.exclusion.TerroristOffencesResponseTest
Running eu.europa.ec.grow.espd.xml.response.exporting.UblResponseRequirementTransformerTest
Tests run: 2, Failures: 0, Errors: 0, Skipped: 0, Time elapsed: 0.031 sec - in eu.europa.ec.grow.espd.xml.response.exporting.UblResponseRequirementTransformerTest
Running eu.europa.ec.grow.espd.xml.response.importing.award.EconomicOperatorParticipatingProcurementProcedureImportTest
buildEspdDocument
addPartyInformation
11:48:25.966 [main] WARN eu.europa.ec.grow.espd.xml.response.importing.UblResponseImporter - No ESPD Request information found for response 'fe3166ed-c8cc-4915-9d90-113c014bd63f'.
11:48:25.966 [main] WARN eu.europa.ec.grow.espd.xml.common.importing.UblRequestResponseImporter - No TED information found for response 'fe3166ed-c8cc-4915-9d90-113c014bd63f'.
11:48:25.966 [main] WARN eu.europa.ec.grow.espd.xml.common.importing.UblRequestResponseImporter - No NGOJ information found for response 'fe3166ed-c8cc-4915-9d90-113c014bd63f'.
Tests run: 2, Failures: 0, Errors: 0, Skipped: 0, Time elapsed: 0 sec - in eu.europa.ec.grow.espd.xml.response.importing.award.EconomicOperatorParticipatingProcurementProcedureImportTest
Running eu.europa.ec.grow.espd.xml.response.importing.award.EconomicOperatorRegisteredImportTest
buildEspdDocument
addPartyInformation
11:48:25.966 [main] WARN eu.europa.ec.grow.espd.xml.response.importing.UblResponseImporter - No ESPD Request information found for response 'f4fc8f1b-3565-498e-a71d-040c3f8aaef6'.
11:48:25.966 [main] WARN eu.europa.ec.grow.espd.xml.common.importing.UblRequestResponseImporter - No TED information found for response 'f4fc8f1b-3565-498e-a71d-040c3f8aaef6'.
11:48:25.966 [main] WARN eu.europa.ec.grow.espd.xml.common.importing.UblRequestResponseImporter - No NGOJ information found for response 'f4fc8f1b-3565-498e-a71d-040c3f8aaef6'.
Tests run: 2, Failures: 0, Errors: 0, Skipped: 0, Time elapsed: 0 sec - in eu.europa.ec.grow.espd.xml.response.importing.award.EconomicOperatorRegisteredImportTest
Running eu.europa.ec.grow.espd.xml.response.importing.award.EconomicOperatorReliesCapacitiesImportTest
buildEspdDocument
addPartyInformation
11:48:25.966 [main] WARN eu.europa.ec.grow.espd.xml.response.importing.UblResponseImporter - No ESPD Request information found for response '61a1e039-67cf-4e08-8150-c9f69b65d033'.
11:48:25.966 [main] WARN eu.europa.ec.grow.espd.xml.common.importing.UblRequestResponseImporter - No TED information found for response '61a1e039-67cf-4e08-8150-c9f69b65d033'.
11:48:25.966 [main] WARN eu.europa.ec.grow.espd.xml.common.importing.UblRequestResponseImporter - No NGOJ information found for response '61a1e039-67cf-4e08-8150-c9f69b65d033'.
Tests run: 2, Failures: 0, Errors: 0, Skipped: 0, Time elapsed: 0 sec - in eu.europa.ec.grow.espd.xml.response.importing.award.EconomicOperatorReliesCapacitiesImportTest
Running eu.europa.ec.grow.espd.xml.response.importing.award.MeetsObjectiveImportTest
buildEspdDocument
addPartyInformation
11:48:25.981 [main] WARN eu.europa.ec.grow.espd.xml.response.importing.UblResponseImporter - No ESPD Request information found for response 'cfc31a16-3097-4a6d-aff4-4d0703614152'.
11:48:25.981 [main] WARN eu.europa.ec.grow.espd.xml.common.importing.UblRequestResponseImporter - No TED information found for response 'cfc31a16-3097-4a6d-aff4-4d0703614152'.
11:48:25.981 [main] WARN eu.europa.ec.grow.espd.xml.common.importing.UblRequestResponseImporter - No NGOJ information found for response 'cfc31a16-3097-4a6d-aff4-4d0703614152'.
Tests run: 2, Failures: 0, Errors: 0, Skipped: 0, Time elapsed: 0 sec - in eu.europa.ec.grow.espd.xml.response.importing.award.MeetsObjectiveImportTest
Running eu.europa.ec.grow.espd.xml.response.importing.award.ProcurementReservedImportTest
buildEspdDocument
addPartyInformation
11:48:25.981 [main] WARN eu.europa.ec.grow.espd.xml.response.importing.UblResponseImporter - No ESPD Request information found for response 'a3801015-9664-4dcb-ad13-440f99101d3e'.
11:48:25.981 [main] WARN eu.europa.ec.grow.espd.xml.common.importing.UblRequestResponseImporter - No TED information found for response 'a3801015-9664-4dcb-ad13-440f99101d3e'.
11:48:25.981 [main] WARN eu.europa.ec.grow.espd.xml.common.importing.UblRequestResponseImporter - No NGOJ information found for response 'a3801015-9664-4dcb-ad13-440f99101d3e'.
Tests run: 2, Failures: 0, Errors: 0, Skipped: 0, Time elapsed: 0 sec - in eu.europa.ec.grow.espd.xml.response.importing.award.ProcurementReservedImportTest
Running eu.europa.ec.grow.espd.xml.response.importing.award.SucontractingThirdPartiesImportTest
buildEspdDocument
addPartyInformation
11:48:25.981 [main] WARN eu.europa.ec.grow.espd.xml.response.importing.UblResponseImporter - No ESPD Request information found for response 'd7042186-8789-4ffe-8fe6-2effda10bb3a'.
11:48:25.981 [main] WARN eu.europa.ec.grow.espd.xml.common.importing.UblRequestResponseImporter - No TED information found for response 'd7042186-8789-4ffe-8fe6-2effda10bb3a'.
11:48:25.981 [main] WARN eu.europa.ec.grow.espd.xml.common.importing.UblRequestResponseImporter - No NGOJ information found for response 'd7042186-8789-4ffe-8fe6-2effda10bb3a'.
Tests run: 2, Failures: 0, Errors: 0, Skipped: 0, Time elapsed: 0 sec - in eu.europa.ec.grow.espd.xml.response.importing.award.SucontractingThirdPartiesImportTest
Running eu.europa.ec.grow.espd.xml.response.importing.EspdRequestResponseMergeTest
buildEspdDocument
addPartyInformation
11:48:25.997 [main] WARN eu.europa.ec.grow.espd.xml.common.importing.UblRequestResponseImporter - No NGOJ information found for response '5e86c187-8269-4ff3-8224-bb770d3be5f8'.
Tests run: 6, Failures: 0, Errors: 0, Skipped: 0, Time elapsed: 0 sec - in eu.europa.ec.grow.espd.xml.response.importing.EspdRequestResponseMergeTest
Running eu.europa.ec.grow.espd.xml.response.importing.EspdResponseOtherInformationImportTest
buildEspdDocument
addPartyInformation
11:48:25.997 [main] WARN eu.europa.ec.grow.espd.xml.common.importing.UblRequestResponseImporter - No NGOJ information found for response 'ce72f076-8767-4e72-95db-9b7c0848e386'.
buildEspdDocument
addPartyInformation
11:48:25.997 [main] WARN eu.europa.ec.grow.espd.xml.response.importing.UblResponseImporter - No ESPD Request information found for response 'ce72f076-8767-4e72-95db-9b7c0848e386'.
11:48:25.997 [main] WARN eu.europa.ec.grow.espd.xml.common.importing.UblRequestResponseImporter - No TED information found for response 'ce72f076-8767-4e72-95db-9b7c0848e386'.
11:48:25.997 [main] WARN eu.europa.ec.grow.espd.xml.common.importing.UblRequestResponseImporter - No NGOJ information found for response 'ce72f076-8767-4e72-95db-9b7c0848e386'.
buildEspdDocument
addPartyInformation
11:48:25.997 [main] WARN eu.europa.ec.grow.espd.xml.response.importing.UblResponseImporter - No ESPD Request information found for response 'ce72f076-8767-4e72-95db-9b7c0848e386'.
11:48:25.997 [main] WARN eu.europa.ec.grow.espd.xml.common.importing.UblRequestResponseImporter - No TED information found for response 'ce72f076-8767-4e72-95db-9b7c0848e386'.
buildEspdDocument
addPartyInformation
11:48:25.997 [main] WARN eu.europa.ec.grow.espd.xml.common.importing.UblRequestResponseImporter - No NGOJ information found for response 'ce72f076-8767-4e72-95db-9b7c0848e386'.
Tests run: 13, Failures: 0, Errors: 0, Skipped: 0, Time elapsed: 0 sec - in eu.europa.ec.grow.espd.xml.response.importing.EspdResponseOtherInformationImportTest
Running eu.europa.ec.grow.espd.xml.response.importing.EspdResponseVatAndNationalNumberTest
buildEspdDocument
addPartyInformation
11:48:26.013 [main] WARN eu.europa.ec.grow.espd.xml.response.importing.UblResponseImporter - No ESPD Request information found for response 'e882583f-3d29-4745-b28f-307db76f63cb'.
11:48:26.013 [main] WARN eu.europa.ec.grow.espd.xml.common.importing.UblRequestResponseImporter - No TED information found for response 'e882583f-3d29-4745-b28f-307db76f63cb'.
11:48:26.013 [main] WARN eu.europa.ec.grow.espd.xml.common.importing.UblRequestResponseImporter - No NGOJ information found for response 'e882583f-3d29-4745-b28f-307db76f63cb'.
buildEspdDocument
addPartyInformation
11:48:26.013 [main] WARN eu.europa.ec.grow.espd.xml.response.importing.UblResponseImporter - No ESPD Request information found for response 'e882583f-3d29-4745-b28f-307db76f63cb'.
11:48:26.013 [main] WARN eu.europa.ec.grow.espd.xml.common.importing.UblRequestResponseImporter - No TED information found for response 'e882583f-3d29-4745-b28f-307db76f63cb'.
11:48:26.013 [main] WARN eu.europa.ec.grow.espd.xml.common.importing.UblRequestResponseImporter - No NGOJ information found for response 'e882583f-3d29-4745-b28f-307db76f63cb'.
Tests run: 2, Failures: 0, Errors: 0, Skipped: 0, Time elapsed: 0 sec - in eu.europa.ec.grow.espd.xml.response.importing.EspdResponseVatAndNationalNumberTest
Running eu.europa.ec.grow.espd.xml.response.importing.exclusion.AgreementsWithEOImportTest
buildEspdDocument
addPartyInformation
11:48:26.013 [main] WARN eu.europa.ec.grow.espd.xml.response.importing.UblResponseImporter - No ESPD Request information found for response '311aec94-8d4b-4104-8268-198dfe1f5ec4'.
11:48:26.013 [main] WARN eu.europa.ec.grow.espd.xml.common.importing.UblRequestResponseImporter - No TED information found for response '311aec94-8d4b-4104-8268-198dfe1f5ec4'.
11:48:26.013 [main] WARN eu.europa.ec.grow.espd.xml.common.importing.UblRequestResponseImporter - No NGOJ information found for response '311aec94-8d4b-4104-8268-198dfe1f5ec4'.
buildEspdDocument
addPartyInformation
11:48:26.013 [main] WARN eu.europa.ec.grow.espd.xml.response.importing.UblResponseImporter - No ESPD Request information found for response '311aec94-8d4b-4104-8268-198dfe1f5ec4'.
11:48:26.013 [main] WARN eu.europa.ec.grow.espd.xml.common.importing.UblRequestResponseImporter - No TED information found for response '311aec94-8d4b-4104-8268-198dfe1f5ec4'.
11:48:26.013 [main] WARN eu.europa.ec.grow.espd.xml.common.importing.UblRequestResponseImporter - No NGOJ information found for response '311aec94-8d4b-4104-8268-198dfe1f5ec4'.
Tests run: 3, Failures: 0, Errors: 0, Skipped: 0, Time elapsed: 0 sec - in eu.europa.ec.grow.espd.xml.response.importing.exclusion.AgreementsWithEOImportTest
Running eu.europa.ec.grow.espd.xml.response.importing.exclusion.BankruptcyImportTest
buildEspdDocument
addPartyInformation
11:48:26.013 [main] WARN eu.europa.ec.grow.espd.xml.response.importing.UblResponseImporter - No ESPD Request information found for response '86e1a6b8-779f-4686-a580-4800c7fa9104'.
11:48:26.013 [main] WARN eu.europa.ec.grow.espd.xml.common.importing.UblRequestResponseImporter - No TED information found for response '86e1a6b8-779f-4686-a580-4800c7fa9104'.
11:48:26.013 [main] WARN eu.europa.ec.grow.espd.xml.common.importing.UblRequestResponseImporter - No NGOJ information found for response '86e1a6b8-779f-4686-a580-4800c7fa9104'.
Tests run: 2, Failures: 0, Errors: 0, Skipped: 0, Time elapsed: 0 sec - in eu.europa.ec.grow.espd.xml.response.importing.exclusion.BankruptcyImportTest
Running eu.europa.ec.grow.espd.xml.response.importing.exclusion.BreachingOfObligationsEnvironmentalImportTest
buildEspdDocument
addPartyInformation
11:48:26.013 [main] WARN eu.europa.ec.grow.espd.xml.response.importing.UblResponseImporter - No ESPD Request information found for response 'bf39ad0d-5e2c-4518-83d2-e2155d43d255'.
11:48:26.013 [main] WARN eu.europa.ec.grow.espd.xml.common.importing.UblRequestResponseImporter - No TED information found for response 'bf39ad0d-5e2c-4518-83d2-e2155d43d255'.
11:48:26.013 [main] WARN eu.europa.ec.grow.espd.xml.common.importing.UblRequestResponseImporter - No NGOJ information found for response 'bf39ad0d-5e2c-4518-83d2-e2155d43d255'.
Tests run: 2, Failures: 0, Errors: 0, Skipped: 0, Time elapsed: 0 sec - in eu.europa.ec.grow.espd.xml.response.importing.exclusion.BreachingOfObligationsEnvironmentalImportTest
Running eu.europa.ec.grow.espd.xml.response.importing.exclusion.BreachingOfObligationsLabourImportTest
buildEspdDocument
addPartyInformation
11:48:26.028 [main] WARN eu.europa.ec.grow.espd.xml.response.importing.UblResponseImporter - No ESPD Request information found for response 'b2116c10-9fa8-490b-8298-5429b8d66ca5'.
11:48:26.028 [main] WARN eu.europa.ec.grow.espd.xml.common.importing.UblRequestResponseImporter - No NGOJ information found for response 'b2116c10-9fa8-490b-8298-5429b8d66ca5'.
Tests run: 2, Failures: 0, Errors: 0, Skipped: 0, Time elapsed: 0 sec - in eu.europa.ec.grow.espd.xml.response.importing.exclusion.BreachingOfObligationsLabourImportTest
Running eu.europa.ec.grow.espd.xml.response.importing.exclusion.BreachingOfObligationsSocialImportTest
buildEspdDocument
addPartyInformation
11:48:26.028 [main] WARN eu.europa.ec.grow.espd.xml.response.importing.UblResponseImporter - No ESPD Request information found for response '7891db8d-c025-4e13-b6e8-07447f1f307d'.
11:48:26.028 [main] WARN eu.europa.ec.grow.espd.xml.common.importing.UblRequestResponseImporter - No NGOJ information found for response '7891db8d-c025-4e13-b6e8-07447f1f307d'.
Tests run: 2, Failures: 0, Errors: 0, Skipped: 0, Time elapsed: 0 sec - in eu.europa.ec.grow.espd.xml.response.importing.exclusion.BreachingOfObligationsSocialImportTest
Running eu.europa.ec.grow.espd.xml.response.importing.exclusion.ConflictOfInterestImportTest
buildEspdDocument
addPartyInformation
11:48:26.028 [main] WARN eu.europa.ec.grow.espd.xml.response.importing.UblResponseImporter - No ESPD Request information found for response '985c77aa-ab70-4d14-9431-d345cbf95091'.
11:48:26.028 [main] WARN eu.europa.ec.grow.espd.xml.common.importing.UblRequestResponseImporter - No TED information found for response '985c77aa-ab70-4d14-9431-d345cbf95091'.
11:48:26.028 [main] WARN eu.europa.ec.grow.espd.xml.common.importing.UblRequestResponseImporter - No NGOJ information found for response '985c77aa-ab70-4d14-9431-d345cbf95091'.
Tests run: 2, Failures: 0, Errors: 0, Skipped: 0, Time elapsed: 0 sec - in eu.europa.ec.grow.espd.xml.response.importing.exclusion.ConflictOfInterestImportTest
Running eu.europa.ec.grow.espd.xml.response.importing.exclusion.MisconductImportTest
buildEspdDocument
addPartyInformation
11:48:26.028 [main] WARN eu.europa.ec.grow.espd.xml.response.importing.UblResponseImporter - No ESPD Request information found for response '21db1bbe-9224-41e0-b57e-aca47b077fc7'.
11:48:26.028 [main] WARN eu.europa.ec.grow.espd.xml.common.importing.UblRequestResponseImporter - No TED information found for response '21db1bbe-9224-41e0-b57e-aca47b077fc7'.
11:48:26.028 [main] WARN eu.europa.ec.grow.espd.xml.common.importing.UblRequestResponseImporter - No NGOJ information found for response '21db1bbe-9224-41e0-b57e-aca47b077fc7'.
Tests run: 2, Failures: 0, Errors: 0, Skipped: 0, Time elapsed: 0 sec - in eu.europa.ec.grow.espd.xml.response.importing.exclusion.MisconductImportTest
Running eu.europa.ec.grow.espd.xml.response.importing.exclusion.NationalExclusionGroundsImportTest
buildEspdDocument
addPartyInformation
11:48:26.028 [main] WARN eu.europa.ec.grow.espd.xml.response.importing.UblResponseImporter - No ESPD Request information found for response '0465ea61-7529-4a93-b9c4-542c7082db57'.
11:48:26.028 [main] WARN eu.europa.ec.grow.espd.xml.common.importing.UblRequestResponseImporter - No TED information found for response '0465ea61-7529-4a93-b9c4-542c7082db57'.
11:48:26.028 [main] WARN eu.europa.ec.grow.espd.xml.common.importing.UblRequestResponseImporter - No NGOJ information found for response '0465ea61-7529-4a93-b9c4-542c7082db57'.
Tests run: 2, Failures: 0, Errors: 0, Skipped: 0, Time elapsed: 0 sec - in eu.europa.ec.grow.espd.xml.response.importing.exclusion.NationalExclusionGroundsImportTest
Running eu.europa.ec.grow.espd.xml.response.importing.exclusion.ParticipationCriminalOrganisationImportTest
buildEspdDocument
addPartyInformation
11:48:26.044 [main] WARN eu.europa.ec.grow.espd.xml.response.importing.UblResponseImporter - No ESPD Request information found for response 'efe50cbb-6dc6-4e9a-8676-3e5dcd2adb46'.
11:48:26.044 [main] WARN eu.europa.ec.grow.espd.xml.common.importing.UblRequestResponseImporter - No TED information found for response 'efe50cbb-6dc6-4e9a-8676-3e5dcd2adb46'.
11:48:26.044 [main] WARN eu.europa.ec.grow.espd.xml.common.importing.UblRequestResponseImporter - No NGOJ information found for response 'efe50cbb-6dc6-4e9a-8676-3e5dcd2adb46'.
Tests run: 2, Failures: 0, Errors: 0, Skipped: 0, Time elapsed: 0 sec - in eu.europa.ec.grow.espd.xml.response.importing.exclusion.ParticipationCriminalOrganisationImportTest
Running eu.europa.ec.grow.espd.xml.response.importing.exclusion.PaymentOfTaxesImportTest
buildEspdDocument
addPartyInformation
11:48:26.044 [main] WARN eu.europa.ec.grow.espd.xml.response.importing.UblResponseImporter - No ESPD Request information found for response 'ae9aff8c-af5e-4a68-9ad7-ac0ff1ba5426'.
11:48:26.044 [main] WARN eu.europa.ec.grow.espd.xml.common.importing.UblRequestResponseImporter - No TED information found for response 'ae9aff8c-af5e-4a68-9ad7-ac0ff1ba5426'.
11:48:26.044 [main] WARN eu.europa.ec.grow.espd.xml.common.importing.UblRequestResponseImporter - No NGOJ information found for response 'ae9aff8c-af5e-4a68-9ad7-ac0ff1ba5426'.
Tests run: 2, Failures: 0, Errors: 0, Skipped: 0, Time elapsed: 0 sec - in eu.europa.ec.grow.espd.xml.response.importing.exclusion.PaymentOfTaxesImportTest
Running eu.europa.ec.grow.espd.xml.response.importing.selection.AllowanceOfChecksImportTest
buildEspdDocument
addPartyInformation
11:48:26.044 [main] WARN eu.europa.ec.grow.espd.xml.response.importing.UblResponseImporter - No ESPD Request information found for response 'def0ae5d-bef9-46eb-b489-c37f9e684ac2'.
11:48:26.044 [main] WARN eu.europa.ec.grow.espd.xml.common.importing.UblRequestResponseImporter - No TED information found for response 'def0ae5d-bef9-46eb-b489-c37f9e684ac2'.
11:48:26.044 [main] WARN eu.europa.ec.grow.espd.xml.common.importing.UblRequestResponseImporter - No NGOJ information found for response 'def0ae5d-bef9-46eb-b489-c37f9e684ac2'.
Tests run: 2, Failures: 0, Errors: 0, Skipped: 0, Time elapsed: 0 sec - in eu.europa.ec.grow.espd.xml.response.importing.selection.AllowanceOfChecksImportTest
Running eu.europa.ec.grow.espd.xml.response.importing.selection.AverageYearlyTurnoverImportTest
buildEspdDocument
addPartyInformation
11:48:26.044 [main] WARN eu.europa.ec.grow.espd.xml.response.importing.UblResponseImporter - No ESPD Request information found for response 'a496fdf2-f9cd-42bd-8742-07a37759f184'.
11:48:26.044 [main] WARN eu.europa.ec.grow.espd.xml.common.importing.UblRequestResponseImporter - No TED information found for response 'a496fdf2-f9cd-42bd-8742-07a37759f184'.
11:48:26.044 [main] WARN eu.europa.ec.grow.espd.xml.common.importing.UblRequestResponseImporter - No NGOJ information found for response 'a496fdf2-f9cd-42bd-8742-07a37759f184'.
Tests run: 2, Failures: 0, Errors: 0, Skipped: 0, Time elapsed: 0 sec - in eu.europa.ec.grow.espd.xml.response.importing.selection.AverageYearlyTurnoverImportTest
Running eu.europa.ec.grow.espd.xml.response.importing.selection.CertificatesIndependentBodiesEnvironmentalImportTest
buildEspdDocument
addPartyInformation
11:48:26.044 [main] WARN eu.europa.ec.grow.espd.xml.response.importing.UblResponseImporter - No ESPD Request information found for response '5c0fd306-438e-45dc-ae86-e6b0c5a8d6af'.
11:48:26.044 [main] WARN eu.europa.ec.grow.espd.xml.common.importing.UblRequestResponseImporter - No TED information found for response '5c0fd306-438e-45dc-ae86-e6b0c5a8d6af'.
11:48:26.044 [main] WARN eu.europa.ec.grow.espd.xml.common.importing.UblRequestResponseImporter - No NGOJ information found for response '5c0fd306-438e-45dc-ae86-e6b0c5a8d6af'.
Tests run: 2, Failures: 0, Errors: 0, Skipped: 0, Time elapsed: 0 sec - in eu.europa.ec.grow.espd.xml.response.importing.selection.CertificatesIndependentBodiesEnvironmentalImportTest
Running eu.europa.ec.grow.espd.xml.response.importing.selection.CertificatesIndependentBodiesQualityImportTest
buildEspdDocument
addPartyInformation
11:48:26.060 [main] WARN eu.europa.ec.grow.espd.xml.response.importing.UblResponseImporter - No ESPD Request information found for response 'a83b01cc-4100-47b5-ad41-3d3095f752bd'.
11:48:26.060 [main] WARN eu.europa.ec.grow.espd.xml.common.importing.UblRequestResponseImporter - No TED information found for response 'a83b01cc-4100-47b5-ad41-3d3095f752bd'.
11:48:26.060 [main] WARN eu.europa.ec.grow.espd.xml.common.importing.UblRequestResponseImporter - No NGOJ information found for response 'a83b01cc-4100-47b5-ad41-3d3095f752bd'.
Tests run: 2, Failures: 0, Errors: 0, Skipped: 0, Time elapsed: 0 sec - in eu.europa.ec.grow.espd.xml.response.importing.selection.CertificatesIndependentBodiesQualityImportTest
Running eu.europa.ec.grow.espd.xml.response.importing.selection.EnrolmentProfessionalRegisterImportTest
buildEspdDocument
addPartyInformation
11:48:26.060 [main] WARN eu.europa.ec.grow.espd.xml.response.importing.UblResponseImporter - No ESPD Request information found for response 'e7df53d1-d2e7-4fd9-8170-3875d996fe5a'.
11:48:26.060 [main] WARN eu.europa.ec.grow.espd.xml.common.importing.UblRequestResponseImporter - No TED information found for response 'e7df53d1-d2e7-4fd9-8170-3875d996fe5a'.
11:48:26.060 [main] WARN eu.europa.ec.grow.espd.xml.common.importing.UblRequestResponseImporter - No NGOJ information found for response 'e7df53d1-d2e7-4fd9-8170-3875d996fe5a'.
Tests run: 2, Failures: 0, Errors: 0, Skipped: 0, Time elapsed: 0 sec - in eu.europa.ec.grow.espd.xml.response.importing.selection.EnrolmentProfessionalRegisterImportTest
Running eu.europa.ec.grow.espd.xml.response.importing.selection.FinancialRatioImportTest
buildEspdDocument
addPartyInformation
11:48:26.060 [main] WARN eu.europa.ec.grow.espd.xml.response.importing.UblResponseImporter - No ESPD Request information found for response 'a7245f8b-c3a1-4775-ab51-dae76df5c38f'.
11:48:26.060 [main] WARN eu.europa.ec.grow.espd.xml.common.importing.UblRequestResponseImporter - No TED information found for response 'a7245f8b-c3a1-4775-ab51-dae76df5c38f'.
11:48:26.060 [main] WARN eu.europa.ec.grow.espd.xml.common.importing.UblRequestResponseImporter - No NGOJ information found for response 'a7245f8b-c3a1-4775-ab51-dae76df5c38f'.
Tests run: 2, Failures: 0, Errors: 0, Skipped: 0, Time elapsed: 0 sec - in eu.europa.ec.grow.espd.xml.response.importing.selection.FinancialRatioImportTest
Running eu.europa.ec.grow.espd.xml.response.importing.selection.GeneralYearlyTurnoverImportTest
buildEspdDocument
addPartyInformation
11:48:26.075 [main] WARN eu.europa.ec.grow.espd.xml.response.importing.UblResponseImporter - No ESPD Request information found for response 'db48d433-06ed-4d88-afcc-19c7bbcdc047'.
11:48:26.075 [main] WARN eu.europa.ec.grow.espd.xml.common.importing.UblRequestResponseImporter - No TED information found for response 'db48d433-06ed-4d88-afcc-19c7bbcdc047'.
11:48:26.075 [main] WARN eu.europa.ec.grow.espd.xml.common.importing.UblRequestResponseImporter - No NGOJ information found for response 'db48d433-06ed-4d88-afcc-19c7bbcdc047'.
buildEspdDocument
addPartyInformation
11:48:26.075 [main] WARN eu.europa.ec.grow.espd.xml.response.importing.UblResponseImporter - No ESPD Request information found for response 'db48d433-06ed-4d88-afcc-19c7bbcdc047'.
11:48:26.075 [main] WARN eu.europa.ec.grow.espd.xml.common.importing.UblRequestResponseImporter - No TED information found for response 'db48d433-06ed-4d88-afcc-19c7bbcdc047'.
11:48:26.075 [main] WARN eu.europa.ec.grow.espd.xml.common.importing.UblRequestResponseImporter - No NGOJ information found for response 'db48d433-06ed-4d88-afcc-19c7bbcdc047'.
Tests run: 3, Failures: 0, Errors: 0, Skipped: 0, Time elapsed: 0 sec - in eu.europa.ec.grow.espd.xml.response.importing.selection.GeneralYearlyTurnoverImportTest
Running eu.europa.ec.grow.espd.xml.response.importing.selection.NumberOfManagerialStaffImportTest
buildEspdDocument
addPartyInformation
11:48:26.075 [main] WARN eu.europa.ec.grow.espd.xml.response.importing.UblResponseImporter - No ESPD Request information found for response 'ebcc720a-b033-4229-a025-521472e006bf'.
11:48:26.075 [main] WARN eu.europa.ec.grow.espd.xml.common.importing.UblRequestResponseImporter - No TED information found for response 'ebcc720a-b033-4229-a025-521472e006bf'.
11:48:26.075 [main] WARN eu.europa.ec.grow.espd.xml.common.importing.UblRequestResponseImporter - No NGOJ information found for response 'ebcc720a-b033-4229-a025-521472e006bf'.
Tests run: 2, Failures: 0, Errors: 0, Skipped: 0, Time elapsed: 0 sec - in eu.europa.ec.grow.espd.xml.response.importing.selection.NumberOfManagerialStaffImportTest
Running eu.europa.ec.grow.espd.xml.response.importing.selection.OtherEconomicRequirementsImportTest
buildEspdDocument
addPartyInformation
11:48:26.075 [main] WARN eu.europa.ec.grow.espd.xml.response.importing.UblResponseImporter - No ESPD Request information found for response 'e82e2b1d-a90c-415a-8732-92ed72998dc3'.
11:48:26.075 [main] WARN eu.europa.ec.grow.espd.xml.common.importing.UblRequestResponseImporter - No TED information found for response 'e82e2b1d-a90c-415a-8732-92ed72998dc3'.
11:48:26.075 [main] WARN eu.europa.ec.grow.espd.xml.common.importing.UblRequestResponseImporter - No NGOJ information found for response 'e82e2b1d-a90c-415a-8732-92ed72998dc3'.
Tests run: 2, Failures: 0, Errors: 0, Skipped: 0, Time elapsed: 0 sec - in eu.europa.ec.grow.espd.xml.response.importing.selection.OtherEconomicRequirementsImportTest
Running eu.europa.ec.grow.espd.xml.response.importing.selection.ProfessionalRiskInsuranceImportTest
buildEspdDocument
addPartyInformation
11:48:26.091 [main] WARN eu.europa.ec.grow.espd.xml.response.importing.UblResponseImporter - No ESPD Request information found for response 'e88c956c-e637-4935-b9b0-43393ec3e195'.
11:48:26.091 [main] WARN eu.europa.ec.grow.espd.xml.common.importing.UblRequestResponseImporter - No TED information found for response 'e88c956c-e637-4935-b9b0-43393ec3e195'.
11:48:26.091 [main] WARN eu.europa.ec.grow.espd.xml.common.importing.UblRequestResponseImporter - No NGOJ information found for response 'e88c956c-e637-4935-b9b0-43393ec3e195'.
Tests run: 2, Failures: 0, Errors: 0, Skipped: 0, Time elapsed: 0 sec - in eu.europa.ec.grow.espd.xml.response.importing.selection.ProfessionalRiskInsuranceImportTest
Running eu.europa.ec.grow.espd.xml.response.importing.selection.SatisfiesAllImportTest
buildEspdDocument
addPartyInformation
11:48:26.091 [main] WARN eu.europa.ec.grow.espd.xml.response.importing.UblResponseImporter - No ESPD Request information found for response 'f0e64851-b9b6-4267-985a-e4a098c6e28c'.
11:48:26.091 [main] WARN eu.europa.ec.grow.espd.xml.common.importing.UblRequestResponseImporter - No TED information found for response 'f0e64851-b9b6-4267-985a-e4a098c6e28c'.
11:48:26.091 [main] WARN eu.europa.ec.grow.espd.xml.common.importing.UblRequestResponseImporter - No NGOJ information found for response 'f0e64851-b9b6-4267-985a-e4a098c6e28c'.
Tests run: 2, Failures: 0, Errors: 0, Skipped: 0, Time elapsed: 0 sec - in eu.europa.ec.grow.espd.xml.response.importing.selection.SatisfiesAllImportTest
Running eu.europa.ec.grow.espd.xml.response.importing.selection.ServiceContractsAuthorisationImportTest
buildEspdDocument
addPartyInformation
11:48:26.091 [main] WARN eu.europa.ec.grow.espd.xml.response.importing.UblResponseImporter - No ESPD Request information found for response 'd95ddd37-8270-4b33-a01a-545983444264'.
11:48:26.091 [main] WARN eu.europa.ec.grow.espd.xml.common.importing.UblRequestResponseImporter - No TED information found for response 'd95ddd37-8270-4b33-a01a-545983444264'.
11:48:26.091 [main] WARN eu.europa.ec.grow.espd.xml.common.importing.UblRequestResponseImporter - No NGOJ information found for response 'd95ddd37-8270-4b33-a01a-545983444264'.
Tests run: 2, Failures: 0, Errors: 0, Skipped: 0, Time elapsed: 0 sec - in eu.europa.ec.grow.espd.xml.response.importing.selection.ServiceContractsAuthorisationImportTest
Running eu.europa.ec.grow.espd.xml.response.importing.selection.SetupEconomicOperatorImportTest
buildEspdDocument
addPartyInformation
11:48:26.106 [main] WARN eu.europa.ec.grow.espd.xml.response.importing.UblResponseImporter - No ESPD Request information found for response 'd5580fe1-7429-447d-9c71-ceab3d48d5e2'.
11:48:26.106 [main] WARN eu.europa.ec.grow.espd.xml.common.importing.UblRequestResponseImporter - No TED information found for response 'd5580fe1-7429-447d-9c71-ceab3d48d5e2'.
11:48:26.106 [main] WARN eu.europa.ec.grow.espd.xml.common.importing.UblRequestResponseImporter - No NGOJ information found for response 'd5580fe1-7429-447d-9c71-ceab3d48d5e2'.
Tests run: 2, Failures: 0, Errors: 0, Skipped: 0, Time elapsed: 0 sec - in eu.europa.ec.grow.espd.xml.response.importing.selection.SetupEconomicOperatorImportTest
Running eu.europa.ec.grow.espd.xml.response.importing.selection.SubcontractingProprtionImportTest
buildEspdDocument
addPartyInformation
11:48:26.106 [main] WARN eu.europa.ec.grow.espd.xml.response.importing.UblResponseImporter - No ESPD Request information found for response '2bcfbc47-775d-47cb-af74-2c47e4a1ec68'.
11:48:26.106 [main] WARN eu.europa.ec.grow.espd.xml.common.importing.UblRequestResponseImporter - No TED information found for response '2bcfbc47-775d-47cb-af74-2c47e4a1ec68'.
11:48:26.106 [main] WARN eu.europa.ec.grow.espd.xml.common.importing.UblRequestResponseImporter - No NGOJ information found for response '2bcfbc47-775d-47cb-af74-2c47e4a1ec68'.
Tests run: 2, Failures: 0, Errors: 0, Skipped: 0, Time elapsed: 0 sec - in eu.europa.ec.grow.espd.xml.response.importing.selection.SubcontractingProprtionImportTest
Running eu.europa.ec.grow.espd.xml.response.importing.selection.SupplyContractsCertificateQualityImportTest
buildEspdDocument
addPartyInformation
11:48:26.106 [main] WARN eu.europa.ec.grow.espd.xml.response.importing.UblResponseImporter - No ESPD Request information found for response '2c8a1728-838e-4d83-94c6-0ebd71b60e0c'.
11:48:26.106 [main] WARN eu.europa.ec.grow.espd.xml.common.importing.UblRequestResponseImporter - No TED information found for response '2c8a1728-838e-4d83-94c6-0ebd71b60e0c'.
11:48:26.106 [main] WARN eu.europa.ec.grow.espd.xml.common.importing.UblRequestResponseImporter - No NGOJ information found for response '2c8a1728-838e-4d83-94c6-0ebd71b60e0c'.
Tests run: 2, Failures: 0, Errors: 0, Skipped: 0, Time elapsed: 0 sec - in eu.europa.ec.grow.espd.xml.response.importing.selection.SupplyContractsCertificateQualityImportTest
Running eu.europa.ec.grow.espd.xml.response.importing.selection.TechnicalFacilitiesQualityImportTest
buildEspdDocument
addPartyInformation
11:48:26.419 [main] WARN eu.europa.ec.grow.espd.xml.response.importing.UblResponseImporter - No ESPD Request information found for response '9e9d49ce-6c93-45e2-9a34-f9f19bf2d13f'.
11:48:26.419 [main] WARN eu.europa.ec.grow.espd.xml.common.importing.UblRequestResponseImporter - No TED information found for response '9e9d49ce-6c93-45e2-9a34-f9f19bf2d13f'.
11:48:26.419 [main] WARN eu.europa.ec.grow.espd.xml.common.importing.UblRequestResponseImporter - No NGOJ information found for response '9e9d49ce-6c93-45e2-9a34-f9f19bf2d13f'.
Tests run: 2, Failures: 0, Errors: 0, Skipped: 0, Time elapsed: 0.234 sec - in eu.europa.ec.grow.espd.xml.response.importing.selection.TechnicalFacilitiesQualityImportTest
Running eu.europa.ec.grow.espd.xml.response.importing.selection.TechniciansTechnicalBodiesImportTest
buildEspdDocument
addPartyInformation
11:48:26.419 [main] WARN eu.europa.ec.grow.espd.xml.response.importing.UblResponseImporter - No ESPD Request information found for response '86b9f231-7424-4ed9-b23f-98144211b0ec'.
11:48:26.419 [main] WARN eu.europa.ec.grow.espd.xml.common.importing.UblRequestResponseImporter - No TED information found for response '86b9f231-7424-4ed9-b23f-98144211b0ec'.
11:48:26.419 [main] WARN eu.europa.ec.grow.espd.xml.common.importing.UblRequestResponseImporter - No NGOJ information found for response '86b9f231-7424-4ed9-b23f-98144211b0ec'.
Tests run: 2, Failures: 0, Errors: 0, Skipped: 0, Time elapsed: 0 sec - in eu.europa.ec.grow.espd.xml.response.importing.selection.TechniciansTechnicalBodiesImportTest
Running eu.europa.ec.grow.espd.xml.response.importing.selection.WorkContractsPerformanceOfWorksImportTest
buildEspdDocument
addPartyInformation
11:48:26.419 [main] WARN eu.europa.ec.grow.espd.xml.response.importing.UblResponseImporter - No ESPD Request information found for response '345c7e34-54ac-42fc-9b39-ce1e8bad8dd7'.
11:48:26.419 [main] WARN eu.europa.ec.grow.espd.xml.common.importing.UblRequestResponseImporter - No TED information found for response '345c7e34-54ac-42fc-9b39-ce1e8bad8dd7'.
11:48:26.419 [main] WARN eu.europa.ec.grow.espd.xml.common.importing.UblRequestResponseImporter - No NGOJ information found for response '345c7e34-54ac-42fc-9b39-ce1e8bad8dd7'.
buildEspdDocument
addPartyInformation
11:48:26.419 [main] WARN eu.europa.ec.grow.espd.xml.response.importing.UblResponseImporter - No ESPD Request information found for response '345c7e34-54ac-42fc-9b39-ce1e8bad8dd7'.
11:48:26.419 [main] WARN eu.europa.ec.grow.espd.xml.common.importing.UblRequestResponseImporter - No TED information found for response '345c7e34-54ac-42fc-9b39-ce1e8bad8dd7'.
11:48:26.419 [main] WARN eu.europa.ec.grow.espd.xml.common.importing.UblRequestResponseImporter - No NGOJ information found for response '345c7e34-54ac-42fc-9b39-ce1e8bad8dd7'.
Tests run: 3, Failures: 0, Errors: 0, Skipped: 0, Time elapsed: 0.016 sec - in eu.europa.ec.grow.espd.xml.response.importing.selection.WorkContractsPerformanceOfWorksImportTest
Running eu.europa.ec.grow.espd.xml.response.importing.v20160402.FullResponsev20160402ImportTest
buildEspdDocument
addPartyInformation
11:48:26.450 [main] WARN eu.europa.ec.grow.espd.xml.common.importing.UblRequestResponseImporter - No NGOJ information found for response '7772ae11-bd58-4fb8-89d1-ab4dfcbe1a21'.
Tests run: 68, Failures: 0, Errors: 0, Skipped: 0, Time elapsed: 0.031 sec - in eu.europa.ec.grow.espd.xml.response.importing.v20160402.FullResponsev20160402ImportTest
Running eu.europa.ec.grow.espd.xml.response.importing.v20160601.FullResponsev20160601ImportTest
buildEspdDocument
addPartyInformation
11:48:26.481 [main] WARN eu.europa.ec.grow.espd.xml.common.importing.UblRequestResponseImporter - No NGOJ information found for response '0a6f7342-1faa-467e-bc29-b4266b153d26'.
Tests run: 68, Failures: 0, Errors: 0, Skipped: 0, Time elapsed: 0.031 sec - in eu.europa.ec.grow.espd.xml.response.importing.v20160601.FullResponsev20160601ImportTest
Running eu.europa.ec.grow.espd.xml.response.importing.v20160801.FullResponsev20160801ImportTest
buildEspdDocument
addPartyInformation
11:48:26.513 [main] WARN eu.europa.ec.grow.espd.xml.common.importing.UblRequestResponseImporter - No NGOJ information found for response '3679123f-de23-4703-8161-cf6c8d9b8ad9'.
Tests run: 69, Failures: 0, Errors: 0, Skipped: 0, Time elapsed: 0.016 sec - in eu.europa.ec.grow.espd.xml.response.importing.v20160801.FullResponsev20160801ImportTest
Running eu.europa.ec.grow.espd.xml.response.importing.v20161101.FullResponsev20161101ImportTest
buildEspdDocument
addPartyInformation
11:48:26.528 [main] WARN eu.europa.ec.grow.espd.xml.common.importing.UblRequestResponseImporter - No NGOJ information found for response 'e8eccb21-ba8c-413e-8a98-e264d508e111'.
Tests run: 69, Failures: 0, Errors: 0, Skipped: 0, Time elapsed: 0.016 sec - in eu.europa.ec.grow.espd.xml.response.importing.v20161101.FullResponsev20161101ImportTest
Running eu.europa.ec.grow.espd.xml.response.selection.AllCriteriaSatisfiedResponseTest
11:48:26.544 [main] WARN eu.europa.ec.grow.espd.xml.common.exporting.UblCriteriaTemplate - ESPD document with TED URL 'null' does not contain any exclusion criteria.
11:48:26.544 [main] WARN eu.europa.ec.grow.espd.xml.common.exporting.UblCriteriaTemplate - ESPD document with TED URL 'null' does not contain any exclusion criteria.
11:48:26.560 [main] WARN eu.europa.ec.grow.espd.xml.common.exporting.UblCriteriaTemplate - ESPD document with TED URL 'null' does not contain any exclusion criteria.
11:48:26.560 [main] WARN eu.europa.ec.grow.espd.xml.common.exporting.UblCriteriaTemplate - ESPD document with TED URL 'null' does not contain any exclusion criteria.
11:48:26.560 [main] WARN eu.europa.ec.grow.espd.xml.common.exporting.UblCriteriaTemplate - ESPD document with TED URL 'null' does not contain any exclusion criteria.
11:48:26.560 [main] WARN eu.europa.ec.grow.espd.xml.common.exporting.UblCriteriaTemplate - ESPD document with TED URL 'null' does not contain any exclusion criteria.
Tests run: 6, Failures: 0, Errors: 0, Skipped: 0, Time elapsed: 0.016 sec - in eu.europa.ec.grow.espd.xml.response.selection.AllCriteriaSatisfiedResponseTest
Running eu.europa.ec.grow.espd.xml.response.selection.AllowanceOfChecksResponseTest
11:48:26.575 [main] WARN eu.europa.ec.grow.espd.xml.common.exporting.UblCriteriaTemplate - ESPD document with TED URL 'null' does not contain any exclusion criteria.
11:48:26.575 [main] WARN eu.europa.ec.grow.espd.xml.common.exporting.UblCriteriaTemplate - ESPD document with TED URL 'null' does not contain any exclusion criteria.
Tests run: 2, Failures: 0, Errors: 0, Skipped: 0, Time elapsed: 0 sec - in eu.europa.ec.grow.espd.xml.response.selection.AllowanceOfChecksResponseTest
Running eu.europa.ec.grow.espd.xml.response.selection.AverageAnnualManpowerResponseTest
11:48:26.575 [main] WARN eu.europa.ec.grow.espd.xml.common.exporting.UblCriteriaTemplate - ESPD document with TED URL 'null' does not contain any exclusion criteria.
11:48:26.591 [main] WARN eu.europa.ec.grow.espd.xml.common.exporting.UblCriteriaTemplate - ESPD document with TED URL 'null' does not contain any exclusion criteria.
11:48:26.591 [main] WARN eu.europa.ec.grow.espd.xml.common.exporting.UblCriteriaTemplate - ESPD document with TED URL 'null' does not contain any exclusion criteria.
11:48:26.591 [main] WARN eu.europa.ec.grow.espd.xml.common.exporting.UblCriteriaTemplate - ESPD document with TED URL 'null' does not contain any exclusion criteria.
11:48:26.591 [main] WARN eu.europa.ec.grow.espd.xml.common.exporting.UblCriteriaTemplate - ESPD document with TED URL 'null' does not contain any exclusion criteria.
11:48:26.903 [main] WARN eu.europa.ec.grow.espd.xml.common.exporting.UblCriteriaTemplate - ESPD document with TED URL 'null' does not contain any exclusion criteria.
11:48:26.919 [main] WARN eu.europa.ec.grow.espd.xml.common.exporting.UblCriteriaTemplate - ESPD document with TED URL 'null' does not contain any exclusion criteria.
Tests run: 7, Failures: 0, Errors: 0, Skipped: 0, Time elapsed: 0.344 sec - in eu.europa.ec.grow.espd.xml.response.selection.AverageAnnualManpowerResponseTest
Running eu.europa.ec.grow.espd.xml.response.selection.AverageYearlyTurnoverResponseTest
11:48:26.919 [main] WARN eu.europa.ec.grow.espd.xml.common.exporting.UblCriteriaTemplate - ESPD document with TED URL 'null' does not contain any exclusion criteria.
11:48:26.919 [main] WARN eu.europa.ec.grow.espd.xml.common.exporting.UblCriteriaTemplate - ESPD document with TED URL 'null' does not contain any exclusion criteria.
11:48:26.919 [main] WARN eu.europa.ec.grow.espd.xml.common.exporting.UblCriteriaTemplate - ESPD document with TED URL 'null' does not contain any exclusion criteria.
11:48:26.919 [main] WARN eu.europa.ec.grow.espd.xml.common.exporting.UblCriteriaTemplate - ESPD document with TED URL 'null' does not contain any exclusion criteria.
11:48:26.919 [main] WARN eu.europa.ec.grow.espd.xml.common.exporting.UblCriteriaTemplate - ESPD document with TED URL 'null' does not contain any exclusion criteria.
11:48:26.919 [main] WARN eu.europa.ec.grow.espd.xml.common.exporting.UblCriteriaTemplate - ESPD document with TED URL 'null' does not contain any exclusion criteria.
11:48:26.919 [main] WARN eu.europa.ec.grow.espd.xml.common.exporting.UblCriteriaTemplate - ESPD document with TED URL 'null' does not contain any exclusion criteria.
Tests run: 7, Failures: 0, Errors: 0, Skipped: 0, Time elapsed: 0.016 sec - in eu.europa.ec.grow.espd.xml.response.selection.AverageYearlyTurnoverResponseTest
Running eu.europa.ec.grow.espd.xml.response.selection.CertificatesIndependentBodiesEnvironmentalResponseTest
11:48:26.935 [main] WARN eu.europa.ec.grow.espd.xml.common.exporting.UblCriteriaTemplate - ESPD document with TED URL 'null' does not contain any exclusion criteria.
11:48:26.935 [main] WARN eu.europa.ec.grow.espd.xml.common.exporting.UblCriteriaTemplate - ESPD document with TED URL 'null' does not contain any exclusion criteria.
11:48:26.935 [main] WARN eu.europa.ec.grow.espd.xml.common.exporting.UblCriteriaTemplate - ESPD document with TED URL 'null' does not contain any exclusion criteria.
11:48:26.935 [main] WARN eu.europa.ec.grow.espd.xml.common.exporting.UblCriteriaTemplate - ESPD document with TED URL 'null' does not contain any exclusion criteria.
11:48:26.935 [main] WARN eu.europa.ec.grow.espd.xml.common.exporting.UblCriteriaTemplate - ESPD document with TED URL 'null' does not contain any exclusion criteria.
11:48:26.935 [main] WARN eu.europa.ec.grow.espd.xml.common.exporting.UblCriteriaTemplate - ESPD document with TED URL 'null' does not contain any exclusion criteria.
Tests run: 6, Failures: 0, Errors: 0, Skipped: 0, Time elapsed: 0 sec - in eu.europa.ec.grow.espd.xml.response.selection.CertificatesIndependentBodiesEnvironmentalResponseTest
Running eu.europa.ec.grow.espd.xml.response.selection.CertificatesIndependentBodiesQAResponseTest
11:48:26.950 [main] WARN eu.europa.ec.grow.espd.xml.common.exporting.UblCriteriaTemplate - ESPD document with TED URL 'null' does not contain any exclusion criteria.
11:48:26.950 [main] WARN eu.europa.ec.grow.espd.xml.common.exporting.UblCriteriaTemplate - ESPD document with TED URL 'null' does not contain any exclusion criteria.
11:48:26.950 [main] WARN eu.europa.ec.grow.espd.xml.common.exporting.UblCriteriaTemplate - ESPD document with TED URL 'null' does not contain any exclusion criteria.
11:48:26.950 [main] WARN eu.europa.ec.grow.espd.xml.common.exporting.UblCriteriaTemplate - ESPD document with TED URL 'null' does not contain any exclusion criteria.
11:48:26.950 [main] WARN eu.europa.ec.grow.espd.xml.common.exporting.UblCriteriaTemplate - ESPD document with TED URL 'null' does not contain any exclusion criteria.
11:48:26.950 [main] WARN eu.europa.ec.grow.espd.xml.common.exporting.UblCriteriaTemplate - ESPD document with TED URL 'null' does not contain any exclusion criteria.
Tests run: 6, Failures: 0, Errors: 0, Skipped: 0, Time elapsed: 0 sec - in eu.europa.ec.grow.espd.xml.response.selection.CertificatesIndependentBodiesQAResponseTest
Running eu.europa.ec.grow.espd.xml.response.selection.EducationalProfessionalQualificationsResponseTest
11:48:26.950 [main] WARN eu.europa.ec.grow.espd.xml.common.exporting.UblCriteriaTemplate - ESPD document with TED URL 'null' does not contain any exclusion criteria.
11:48:26.950 [main] WARN eu.europa.ec.grow.espd.xml.common.exporting.UblCriteriaTemplate - ESPD document with TED URL 'null' does not contain any exclusion criteria.
11:48:26.966 [main] WARN eu.europa.ec.grow.espd.xml.common.exporting.UblCriteriaTemplate - ESPD document with TED URL 'null' does not contain any exclusion criteria.
11:48:26.966 [main] WARN eu.europa.ec.grow.espd.xml.common.exporting.UblCriteriaTemplate - ESPD document with TED URL 'null' does not contain any exclusion criteria.
11:48:26.966 [main] WARN eu.europa.ec.grow.espd.xml.common.exporting.UblCriteriaTemplate - ESPD document with TED URL 'null' does not contain any exclusion criteria.
Tests run: 5, Failures: 0, Errors: 0, Skipped: 0, Time elapsed: 0 sec - in eu.europa.ec.grow.espd.xml.response.selection.EducationalProfessionalQualificationsResponseTest
Running eu.europa.ec.grow.espd.xml.response.selection.EnrolmentProfessionalRegisterResponseTest
11:48:26.966 [main] WARN eu.europa.ec.grow.espd.xml.common.exporting.UblCriteriaTemplate - ESPD document with TED URL 'null' does not contain any exclusion criteria.
11:48:26.966 [main] WARN eu.europa.ec.grow.espd.xml.common.exporting.UblCriteriaTemplate - ESPD document with TED URL 'null' does not contain any exclusion criteria.
11:48:26.966 [main] WARN eu.europa.ec.grow.espd.xml.common.exporting.UblCriteriaTemplate - ESPD document with TED URL 'null' does not contain any exclusion criteria.
11:48:26.966 [main] WARN eu.europa.ec.grow.espd.xml.common.exporting.UblCriteriaTemplate - ESPD document with TED URL 'null' does not contain any exclusion criteria.
11:48:26.966 [main] WARN eu.europa.ec.grow.espd.xml.common.exporting.UblCriteriaTemplate - ESPD document with TED URL 'null' does not contain any exclusion criteria.
Tests run: 5, Failures: 0, Errors: 0, Skipped: 0, Time elapsed: 0 sec - in eu.europa.ec.grow.espd.xml.response.selection.EnrolmentProfessionalRegisterResponseTest
Running eu.europa.ec.grow.espd.xml.response.selection.EnvironmentalManagementMeasuresResponseTest
11:48:26.982 [main] WARN eu.europa.ec.grow.espd.xml.common.exporting.UblCriteriaTemplate - ESPD document with TED URL 'null' does not contain any exclusion criteria.
11:48:26.982 [main] WARN eu.europa.ec.grow.espd.xml.common.exporting.UblCriteriaTemplate - ESPD document with TED URL 'null' does not contain any exclusion criteria.
11:48:26.982 [main] WARN eu.europa.ec.grow.espd.xml.common.exporting.UblCriteriaTemplate - ESPD document with TED URL 'null' does not contain any exclusion criteria.
11:48:26.982 [main] WARN eu.europa.ec.grow.espd.xml.common.exporting.UblCriteriaTemplate - ESPD document with TED URL 'null' does not contain any exclusion criteria.
11:48:26.982 [main] WARN eu.europa.ec.grow.espd.xml.common.exporting.UblCriteriaTemplate - ESPD document with TED URL 'null' does not contain any exclusion criteria.
Tests run: 5, Failures: 0, Errors: 0, Skipped: 0, Time elapsed: 0 sec - in eu.europa.ec.grow.espd.xml.response.selection.EnvironmentalManagementMeasuresResponseTest
Running eu.europa.ec.grow.espd.xml.response.selection.FinancialRatioResponseTest
11:48:26.982 [main] WARN eu.europa.ec.grow.espd.xml.common.exporting.UblCriteriaTemplate - ESPD document with TED URL 'null' does not contain any exclusion criteria.
11:48:26.982 [main] WARN eu.europa.ec.grow.espd.xml.common.exporting.UblCriteriaTemplate - ESPD document with TED URL 'null' does not contain any exclusion criteria.
11:48:26.997 [main] WARN eu.europa.ec.grow.espd.xml.common.exporting.UblCriteriaTemplate - ESPD document with TED URL 'null' does not contain any exclusion criteria.
11:48:26.997 [main] WARN eu.europa.ec.grow.espd.xml.common.exporting.UblCriteriaTemplate - ESPD document with TED URL 'null' does not contain any exclusion criteria.
11:48:26.997 [main] WARN eu.europa.ec.grow.espd.xml.common.exporting.UblCriteriaTemplate - ESPD document with TED URL 'null' does not contain any exclusion criteria.
11:48:26.997 [main] WARN eu.europa.ec.grow.espd.xml.common.exporting.UblCriteriaTemplate - ESPD document with TED URL 'null' does not contain any exclusion criteria.
Tests run: 6, Failures: 0, Errors: 0, Skipped: 0, Time elapsed: 0.015 sec - in eu.europa.ec.grow.espd.xml.response.selection.FinancialRatioResponseTest
Running eu.europa.ec.grow.espd.xml.response.selection.GeneralYearlyTurnoverResponseTest
11:48:26.997 [main] WARN eu.europa.ec.grow.espd.xml.common.exporting.UblCriteriaTemplate - ESPD document with TED URL 'null' does not contain any exclusion criteria.
11:48:26.997 [main] WARN eu.europa.ec.grow.espd.xml.common.exporting.UblCriteriaTemplate - ESPD document with TED URL 'null' does not contain any exclusion criteria.
11:48:26.997 [main] WARN eu.europa.ec.grow.espd.xml.common.exporting.UblCriteriaTemplate - ESPD document with TED URL 'null' does not contain any exclusion criteria.
11:48:26.997 [main] WARN eu.europa.ec.grow.espd.xml.common.exporting.UblCriteriaTemplate - ESPD document with TED URL 'null' does not contain any exclusion criteria.
11:48:27.013 [main] WARN eu.europa.ec.grow.espd.xml.common.exporting.UblCriteriaTemplate - ESPD document with TED URL 'null' does not contain any exclusion criteria.
11:48:27.013 [main] WARN eu.europa.ec.grow.espd.xml.common.exporting.UblCriteriaTemplate - ESPD document with TED URL 'null' does not contain any exclusion criteria.
11:48:27.013 [main] WARN eu.europa.ec.grow.espd.xml.common.exporting.UblCriteriaTemplate - ESPD document with TED URL 'null' does not contain any exclusion criteria.
11:48:27.013 [main] WARN eu.europa.ec.grow.espd.xml.common.exporting.UblCriteriaTemplate - ESPD document with TED URL 'null' does not contain any exclusion criteria.
Tests run: 8, Failures: 0, Errors: 0, Skipped: 0, Time elapsed: 0.016 sec - in eu.europa.ec.grow.espd.xml.response.selection.GeneralYearlyTurnoverResponseTest
Running eu.europa.ec.grow.espd.xml.response.selection.NumberOfManagerialStaffResponseTest
11:48:27.028 [main] WARN eu.europa.ec.grow.espd.xml.common.exporting.UblCriteriaTemplate - ESPD document with TED URL 'null' does not contain any exclusion criteria.
11:48:27.028 [main] WARN eu.europa.ec.grow.espd.xml.common.exporting.UblCriteriaTemplate - ESPD document with TED URL 'null' does not contain any exclusion criteria.
11:48:27.028 [main] WARN eu.europa.ec.grow.espd.xml.common.exporting.UblCriteriaTemplate - ESPD document with TED URL 'null' does not contain any exclusion criteria.
11:48:27.028 [main] WARN eu.europa.ec.grow.espd.xml.common.exporting.UblCriteriaTemplate - ESPD document with TED URL 'null' does not contain any exclusion criteria.
11:48:27.028 [main] WARN eu.europa.ec.grow.espd.xml.common.exporting.UblCriteriaTemplate - ESPD document with TED URL 'null' does not contain any exclusion criteria.
11:48:27.028 [main] WARN eu.europa.ec.grow.espd.xml.common.exporting.UblCriteriaTemplate - ESPD document with TED URL 'null' does not contain any exclusion criteria.
Tests run: 6, Failures: 0, Errors: 0, Skipped: 0, Time elapsed: 0.016 sec - in eu.europa.ec.grow.espd.xml.response.selection.NumberOfManagerialStaffResponseTest
Running eu.europa.ec.grow.espd.xml.response.selection.OtherEconomicFinancialRequirementsResponseTest
11:48:27.044 [main] WARN eu.europa.ec.grow.espd.xml.common.exporting.UblCriteriaTemplate - ESPD document with TED URL 'null' does not contain any exclusion criteria.
11:48:27.044 [main] WARN eu.europa.ec.grow.espd.xml.common.exporting.UblCriteriaTemplate - ESPD document with TED URL 'null' does not contain any exclusion criteria.
11:48:27.044 [main] WARN eu.europa.ec.grow.espd.xml.common.exporting.UblCriteriaTemplate - ESPD document with TED URL 'null' does not contain any exclusion criteria.
11:48:27.044 [main] WARN eu.europa.ec.grow.espd.xml.common.exporting.UblCriteriaTemplate - ESPD document with TED URL 'null' does not contain any exclusion criteria.
11:48:27.357 [main] WARN eu.europa.ec.grow.espd.xml.common.exporting.UblCriteriaTemplate - ESPD document with TED URL 'null' does not contain any exclusion criteria.
Tests run: 5, Failures: 0, Errors: 0, Skipped: 0, Time elapsed: 0.313 sec - in eu.europa.ec.grow.espd.xml.response.selection.OtherEconomicFinancialRequirementsResponseTest
Running eu.europa.ec.grow.espd.xml.response.selection.ProfessionalRiskIndemnityResponseTest
11:48:27.372 [main] WARN eu.europa.ec.grow.espd.xml.common.exporting.UblCriteriaTemplate - ESPD document with TED URL 'null' does not contain any exclusion criteria.
11:48:27.372 [main] WARN eu.europa.ec.grow.espd.xml.common.exporting.UblCriteriaTemplate - ESPD document with TED URL 'null' does not contain any exclusion criteria.
11:48:27.372 [main] WARN eu.europa.ec.grow.espd.xml.common.exporting.UblCriteriaTemplate - ESPD document with TED URL 'null' does not contain any exclusion criteria.
11:48:27.372 [main] WARN eu.europa.ec.grow.espd.xml.common.exporting.UblCriteriaTemplate - ESPD document with TED URL 'null' does not contain any exclusion criteria.
11:48:27.372 [main] WARN eu.europa.ec.grow.espd.xml.common.exporting.UblCriteriaTemplate - ESPD document with TED URL 'null' does not contain any exclusion criteria.
11:48:27.372 [main] WARN eu.europa.ec.grow.espd.xml.common.exporting.UblCriteriaTemplate - ESPD document with TED URL 'null' does not contain any exclusion criteria.
Tests run: 6, Failures: 0, Errors: 0, Skipped: 0, Time elapsed: 0 sec - in eu.europa.ec.grow.espd.xml.response.selection.ProfessionalRiskIndemnityResponseTest
Running eu.europa.ec.grow.espd.xml.response.selection.ServiceContractsAuthorisationRequestTest
11:48:27.372 [main] WARN eu.europa.ec.grow.espd.xml.common.exporting.UblCriteriaTemplate - ESPD document with TED URL 'null' does not contain any exclusion criteria.
Tests run: 1, Failures: 0, Errors: 0, Skipped: 0, Time elapsed: 0 sec - in eu.europa.ec.grow.espd.xml.response.selection.ServiceContractsAuthorisationRequestTest
Running eu.europa.ec.grow.espd.xml.response.selection.ServiceContractsAuthorisationResponseTest
11:48:27.388 [main] WARN eu.europa.ec.grow.espd.xml.common.exporting.UblCriteriaTemplate - ESPD document with TED URL 'null' does not contain any exclusion criteria.
11:48:27.388 [main] WARN eu.europa.ec.grow.espd.xml.common.exporting.UblCriteriaTemplate - ESPD document with TED URL 'null' does not contain any exclusion criteria.
11:48:27.388 [main] WARN eu.europa.ec.grow.espd.xml.common.exporting.UblCriteriaTemplate - ESPD document with TED URL 'null' does not contain any exclusion criteria.
11:48:27.388 [main] WARN eu.europa.ec.grow.espd.xml.common.exporting.UblCriteriaTemplate - ESPD document with TED URL 'null' does not contain any exclusion criteria.
11:48:27.388 [main] WARN eu.europa.ec.grow.espd.xml.common.exporting.UblCriteriaTemplate - ESPD document with TED URL 'null' does not contain any exclusion criteria.
11:48:27.388 [main] WARN eu.europa.ec.grow.espd.xml.common.exporting.UblCriteriaTemplate - ESPD document with TED URL 'null' does not contain any exclusion criteria.
Tests run: 6, Failures: 0, Errors: 0, Skipped: 0, Time elapsed: 0 sec - in eu.europa.ec.grow.espd.xml.response.selection.ServiceContractsAuthorisationResponseTest
Running eu.europa.ec.grow.espd.xml.response.selection.ServiceContractsMembershipRequestTest
11:48:27.388 [main] WARN eu.europa.ec.grow.espd.xml.common.exporting.UblCriteriaTemplate - ESPD document with TED URL 'null' does not contain any exclusion criteria.
Tests run: 1, Failures: 0, Errors: 0, Skipped: 0, Time elapsed: 0 sec - in eu.europa.ec.grow.espd.xml.response.selection.ServiceContractsMembershipRequestTest
Running eu.europa.ec.grow.espd.xml.response.selection.ServiceContractsMembershipResponseTest
11:48:27.403 [main] WARN eu.europa.ec.grow.espd.xml.common.exporting.UblCriteriaTemplate - ESPD document with TED URL 'null' does not contain any exclusion criteria.
11:48:27.403 [main] WARN eu.europa.ec.grow.espd.xml.common.exporting.UblCriteriaTemplate - ESPD document with TED URL 'null' does not contain any exclusion criteria.
11:48:27.403 [main] WARN eu.europa.ec.grow.espd.xml.common.exporting.UblCriteriaTemplate - ESPD document with TED URL 'null' does not contain any exclusion criteria.
11:48:27.403 [main] WARN eu.europa.ec.grow.espd.xml.common.exporting.UblCriteriaTemplate - ESPD document with TED URL 'null' does not contain any exclusion criteria.
11:48:27.403 [main] WARN eu.europa.ec.grow.espd.xml.common.exporting.UblCriteriaTemplate - ESPD document with TED URL 'null' does not contain any exclusion criteria.
11:48:27.403 [main] WARN eu.europa.ec.grow.espd.xml.common.exporting.UblCriteriaTemplate - ESPD document with TED URL 'null' does not contain any exclusion criteria.
Tests run: 6, Failures: 0, Errors: 0, Skipped: 0, Time elapsed: 0 sec - in eu.europa.ec.grow.espd.xml.response.selection.ServiceContractsMembershipResponseTest
Running eu.europa.ec.grow.espd.xml.response.selection.ServiceContractsPerformanceServicesResponseTest
11:48:27.403 [main] WARN eu.europa.ec.grow.espd.xml.common.exporting.UblCriteriaTemplate - ESPD document with TED URL 'null' does not contain any exclusion criteria.
11:48:27.403 [main] WARN eu.europa.ec.grow.espd.xml.common.exporting.UblCriteriaTemplate - ESPD document with TED URL 'null' does not contain any exclusion criteria.
11:48:27.419 [main] WARN eu.europa.ec.grow.espd.xml.common.exporting.UblCriteriaTemplate - ESPD document with TED URL 'null' does not contain any exclusion criteria.
11:48:27.419 [main] WARN eu.europa.ec.grow.espd.xml.common.exporting.UblCriteriaTemplate - ESPD document with TED URL 'null' does not contain any exclusion criteria.
11:48:27.419 [main] WARN eu.europa.ec.grow.espd.xml.common.exporting.UblCriteriaTemplate - ESPD document with TED URL 'null' does not contain any exclusion criteria.
11:48:27.419 [main] WARN eu.europa.ec.grow.espd.xml.common.exporting.UblCriteriaTemplate - ESPD document with TED URL 'null' does not contain any exclusion criteria.
11:48:27.419 [main] WARN eu.europa.ec.grow.espd.xml.common.exporting.UblCriteriaTemplate - ESPD document with TED URL 'null' does not contain any exclusion criteria.
11:48:27.419 [main] WARN eu.europa.ec.grow.espd.xml.common.exporting.UblCriteriaTemplate - ESPD document with TED URL 'null' does not contain any exclusion criteria.
11:48:27.419 [main] WARN eu.europa.ec.grow.espd.xml.common.exporting.UblCriteriaTemplate - ESPD document with TED URL 'null' does not contain any exclusion criteria.
Tests run: 9, Failures: 0, Errors: 0, Skipped: 0, Time elapsed: 0 sec - in eu.europa.ec.grow.espd.xml.response.selection.ServiceContractsPerformanceServicesResponseTest
Running eu.europa.ec.grow.espd.xml.response.selection.SetupEconomicOperatorResponseTest
11:48:27.419 [main] WARN eu.europa.ec.grow.espd.xml.common.exporting.UblCriteriaTemplate - ESPD document with TED URL 'null' does not contain any exclusion criteria.
11:48:27.435 [main] WARN eu.europa.ec.grow.espd.xml.common.exporting.UblCriteriaTemplate - ESPD document with TED URL 'null' does not contain any exclusion criteria.
Tests run: 2, Failures: 0, Errors: 0, Skipped: 0, Time elapsed: 0 sec - in eu.europa.ec.grow.espd.xml.response.selection.SetupEconomicOperatorResponseTest
Running eu.europa.ec.grow.espd.xml.response.selection.SpecificAverageTurnoverResponseTest
11:48:27.435 [main] WARN eu.europa.ec.grow.espd.xml.common.exporting.UblCriteriaTemplate - ESPD document with TED URL 'null' does not contain any exclusion criteria.
11:48:27.435 [main] WARN eu.europa.ec.grow.espd.xml.common.exporting.UblCriteriaTemplate - ESPD document with TED URL 'null' does not contain any exclusion criteria.
11:48:27.435 [main] WARN eu.europa.ec.grow.espd.xml.common.exporting.UblCriteriaTemplate - ESPD document with TED URL 'null' does not contain any exclusion criteria.
11:48:27.435 [main] WARN eu.europa.ec.grow.espd.xml.common.exporting.UblCriteriaTemplate - ESPD document with TED URL 'null' does not contain any exclusion criteria.
11:48:27.435 [main] WARN eu.europa.ec.grow.espd.xml.common.exporting.UblCriteriaTemplate - ESPD document with TED URL 'null' does not contain any exclusion criteria.
11:48:27.435 [main] WARN eu.europa.ec.grow.espd.xml.common.exporting.UblCriteriaTemplate - ESPD document with TED URL 'null' does not contain any exclusion criteria.
11:48:27.435 [main] WARN eu.europa.ec.grow.espd.xml.common.exporting.UblCriteriaTemplate - ESPD document with TED URL 'null' does not contain any exclusion criteria.
Tests run: 7, Failures: 0, Errors: 0, Skipped: 0, Time elapsed: 0.015 sec - in eu.europa.ec.grow.espd.xml.response.selection.SpecificAverageTurnoverResponseTest
Running eu.europa.ec.grow.espd.xml.response.selection.SpecificYearlyTurnoverResponseTest
11:48:27.450 [main] WARN eu.europa.ec.grow.espd.xml.common.exporting.UblCriteriaTemplate - ESPD document with TED URL 'null' does not contain any exclusion criteria.
11:48:27.450 [main] WARN eu.europa.ec.grow.espd.xml.common.exporting.UblCriteriaTemplate - ESPD document with TED URL 'null' does not contain any exclusion criteria.
11:48:27.450 [main] WARN eu.europa.ec.grow.espd.xml.common.exporting.UblCriteriaTemplate - ESPD document with TED URL 'null' does not contain any exclusion criteria.
11:48:27.466 [main] WARN eu.europa.ec.grow.espd.xml.common.exporting.UblCriteriaTemplate - ESPD document with TED URL 'null' does not contain any exclusion criteria.
11:48:27.466 [main] WARN eu.europa.ec.grow.espd.xml.common.exporting.UblCriteriaTemplate - ESPD document with TED URL 'null' does not contain any exclusion criteria.
11:48:27.466 [main] WARN eu.europa.ec.grow.espd.xml.common.exporting.UblCriteriaTemplate - ESPD document with TED URL 'null' does not contain any exclusion criteria.
11:48:27.466 [main] WARN eu.europa.ec.grow.espd.xml.common.exporting.UblCriteriaTemplate - ESPD document with TED URL 'null' does not contain any exclusion criteria.
11:48:27.466 [main] WARN eu.europa.ec.grow.espd.xml.common.exporting.UblCriteriaTemplate - ESPD document with TED URL 'null' does not contain any exclusion criteria.
11:48:27.466 [main] WARN eu.europa.ec.grow.espd.xml.common.exporting.UblCriteriaTemplate - ESPD document with TED URL 'null' does not contain any exclusion criteria.
Tests run: 9, Failures: 0, Errors: 0, Skipped: 0, Time elapsed: 0.032 sec - in eu.europa.ec.grow.espd.xml.response.selection.SpecificYearlyTurnoverResponseTest
Running eu.europa.ec.grow.espd.xml.response.selection.StudyResearchFacilitiesResponseTest
11:48:27.482 [main] WARN eu.europa.ec.grow.espd.xml.common.exporting.UblCriteriaTemplate - ESPD document with TED URL 'null' does not contain any exclusion criteria.
11:48:27.482 [main] WARN eu.europa.ec.grow.espd.xml.common.exporting.UblCriteriaTemplate - ESPD document with TED URL 'null' does not contain any exclusion criteria.
11:48:27.482 [main] WARN eu.europa.ec.grow.espd.xml.common.exporting.UblCriteriaTemplate - ESPD document with TED URL 'null' does not contain any exclusion criteria.
11:48:27.872 [main] WARN eu.europa.ec.grow.espd.xml.common.exporting.UblCriteriaTemplate - ESPD document with TED URL 'null' does not contain any exclusion criteria.
11:48:27.872 [main] WARN eu.europa.ec.grow.espd.xml.common.exporting.UblCriteriaTemplate - ESPD document with TED URL 'null' does not contain any exclusion criteria.
Tests run: 5, Failures: 0, Errors: 0, Skipped: 0, Time elapsed: 0.406 sec - in eu.europa.ec.grow.espd.xml.response.selection.StudyResearchFacilitiesResponseTest
Running eu.europa.ec.grow.espd.xml.response.selection.SubcontractingProportionResponseTest
11:48:27.888 [main] WARN eu.europa.ec.grow.espd.xml.common.exporting.UblCriteriaTemplate - ESPD document with TED URL 'null' does not contain any exclusion criteria.
11:48:27.888 [main] WARN eu.europa.ec.grow.espd.xml.common.exporting.UblCriteriaTemplate - ESPD document with TED URL 'null' does not contain any exclusion criteria.
Tests run: 2, Failures: 0, Errors: 0, Skipped: 0, Time elapsed: 0 sec - in eu.europa.ec.grow.espd.xml.response.selection.SubcontractingProportionResponseTest
Running eu.europa.ec.grow.espd.xml.response.selection.SupplyChainManagementResponseTest
11:48:27.888 [main] WARN eu.europa.ec.grow.espd.xml.common.exporting.UblCriteriaTemplate - ESPD document with TED URL 'null' does not contain any exclusion criteria.
11:48:27.888 [main] WARN eu.europa.ec.grow.espd.xml.common.exporting.UblCriteriaTemplate - ESPD document with TED URL 'null' does not contain any exclusion criteria.
11:48:27.888 [main] WARN eu.europa.ec.grow.espd.xml.common.exporting.UblCriteriaTemplate - ESPD document with TED URL 'null' does not contain any exclusion criteria.
11:48:27.888 [main] WARN eu.europa.ec.grow.espd.xml.common.exporting.UblCriteriaTemplate - ESPD document with TED URL 'null' does not contain any exclusion criteria.
11:48:27.888 [main] WARN eu.europa.ec.grow.espd.xml.common.exporting.UblCriteriaTemplate - ESPD document with TED URL 'null' does not contain any exclusion criteria.
Tests run: 5, Failures: 0, Errors: 0, Skipped: 0, Time elapsed: 0.015 sec - in eu.europa.ec.grow.espd.xml.response.selection.SupplyChainManagementResponseTest
Running eu.europa.ec.grow.espd.xml.response.selection.SupplyContractsCertificatesByQCResponseTest
11:48:27.903 [main] WARN eu.europa.ec.grow.espd.xml.common.exporting.UblCriteriaTemplate - ESPD document with TED URL 'null' does not contain any exclusion criteria.
11:48:27.903 [main] WARN eu.europa.ec.grow.espd.xml.common.exporting.UblCriteriaTemplate - ESPD document with TED URL 'null' does not contain any exclusion criteria.
11:48:27.903 [main] WARN eu.europa.ec.grow.espd.xml.common.exporting.UblCriteriaTemplate - ESPD document with TED URL 'null' does not contain any exclusion criteria.
11:48:27.903 [main] WARN eu.europa.ec.grow.espd.xml.common.exporting.UblCriteriaTemplate - ESPD document with TED URL 'null' does not contain any exclusion criteria.
11:48:27.903 [main] WARN eu.europa.ec.grow.espd.xml.common.exporting.UblCriteriaTemplate - ESPD document with TED URL 'null' does not contain any exclusion criteria.
11:48:27.903 [main] WARN eu.europa.ec.grow.espd.xml.common.exporting.UblCriteriaTemplate - ESPD document with TED URL 'null' does not contain any exclusion criteria.
Tests run: 6, Failures: 0, Errors: 0, Skipped: 0, Time elapsed: 0 sec - in eu.europa.ec.grow.espd.xml.response.selection.SupplyContractsCertificatesByQCResponseTest
Running eu.europa.ec.grow.espd.xml.response.selection.SupplyContractsPerformanceDeliveriesResponseTest
11:48:27.903 [main] WARN eu.europa.ec.grow.espd.xml.common.exporting.UblCriteriaTemplate - ESPD document with TED URL 'null' does not contain any exclusion criteria.
11:48:27.919 [main] WARN eu.europa.ec.grow.espd.xml.common.exporting.UblCriteriaTemplate - ESPD document with TED URL 'null' does not contain any exclusion criteria.
11:48:27.919 [main] WARN eu.europa.ec.grow.espd.xml.common.exporting.UblCriteriaTemplate - ESPD document with TED URL 'null' does not contain any exclusion criteria.
11:48:27.919 [main] WARN eu.europa.ec.grow.espd.xml.common.exporting.UblCriteriaTemplate - ESPD document with TED URL 'null' does not contain any exclusion criteria.
11:48:27.919 [main] WARN eu.europa.ec.grow.espd.xml.common.exporting.UblCriteriaTemplate - ESPD document with TED URL 'null' does not contain any exclusion criteria.
11:48:27.919 [main] WARN eu.europa.ec.grow.espd.xml.common.exporting.UblCriteriaTemplate - ESPD document with TED URL 'null' does not contain any exclusion criteria.
11:48:27.919 [main] WARN eu.europa.ec.grow.espd.xml.common.exporting.UblCriteriaTemplate - ESPD document with TED URL 'null' does not contain any exclusion criteria.
11:48:27.919 [main] WARN eu.europa.ec.grow.espd.xml.common.exporting.UblCriteriaTemplate - ESPD document with TED URL 'null' does not contain any exclusion criteria.
11:48:27.919 [main] WARN eu.europa.ec.grow.espd.xml.common.exporting.UblCriteriaTemplate - ESPD document with TED URL 'null' does not contain any exclusion criteria.
11:48:27.919 [main] WARN eu.europa.ec.grow.espd.xml.common.exporting.UblCriteriaTemplate - ESPD document with TED URL 'null' does not contain any exclusion criteria.
Tests run: 10, Failures: 0, Errors: 0, Skipped: 0, Time elapsed: 0.016 sec - in eu.europa.ec.grow.espd.xml.response.selection.SupplyContractsPerformanceDeliveriesResponseTest
Running eu.europa.ec.grow.espd.xml.response.selection.SupplyContractsSamplesWithCAResponseTest
11:48:27.935 [main] WARN eu.europa.ec.grow.espd.xml.common.exporting.UblCriteriaTemplate - ESPD document with TED URL 'null' does not contain any exclusion criteria.
11:48:27.935 [main] WARN eu.europa.ec.grow.espd.xml.common.exporting.UblCriteriaTemplate - ESPD document with TED URL 'null' does not contain any exclusion criteria.
11:48:27.935 [main] WARN eu.europa.ec.grow.espd.xml.common.exporting.UblCriteriaTemplate - ESPD document with TED URL 'null' does not contain any exclusion criteria.
11:48:27.935 [main] WARN eu.europa.ec.grow.espd.xml.common.exporting.UblCriteriaTemplate - ESPD document with TED URL 'null' does not contain any exclusion criteria.
11:48:27.935 [main] WARN eu.europa.ec.grow.espd.xml.common.exporting.UblCriteriaTemplate - ESPD document with TED URL 'null' does not contain any exclusion criteria.
Tests run: 5, Failures: 0, Errors: 0, Skipped: 0, Time elapsed: 0 sec - in eu.europa.ec.grow.espd.xml.response.selection.SupplyContractsSamplesWithCAResponseTest
Running eu.europa.ec.grow.espd.xml.response.selection.SupplyContractsSamplesWithoutCAResponseTest
11:48:27.935 [main] WARN eu.europa.ec.grow.espd.xml.common.exporting.UblCriteriaTemplate - ESPD document with TED URL 'null' does not contain any exclusion criteria.
11:48:27.950 [main] WARN eu.europa.ec.grow.espd.xml.common.exporting.UblCriteriaTemplate - ESPD document with TED URL 'null' does not contain any exclusion criteria.
11:48:27.950 [main] WARN eu.europa.ec.grow.espd.xml.common.exporting.UblCriteriaTemplate - ESPD document with TED URL 'null' does not contain any exclusion criteria.
11:48:27.950 [main] WARN eu.europa.ec.grow.espd.xml.common.exporting.UblCriteriaTemplate - ESPD document with TED URL 'null' does not contain any exclusion criteria.
11:48:27.950 [main] WARN eu.europa.ec.grow.espd.xml.common.exporting.UblCriteriaTemplate - ESPD document with TED URL 'null' does not contain any exclusion criteria.
Tests run: 5, Failures: 0, Errors: 0, Skipped: 0, Time elapsed: 0 sec - in eu.europa.ec.grow.espd.xml.response.selection.SupplyContractsSamplesWithoutCAResponseTest
Running eu.europa.ec.grow.espd.xml.response.selection.TechnicalFacilitiesResponseTest
11:48:27.966 [main] WARN eu.europa.ec.grow.espd.xml.common.exporting.UblCriteriaTemplate - ESPD document with TED URL 'null' does not contain any exclusion criteria.
11:48:27.966 [main] WARN eu.europa.ec.grow.espd.xml.common.exporting.UblCriteriaTemplate - ESPD document with TED URL 'null' does not contain any exclusion criteria.
11:48:27.966 [main] WARN eu.europa.ec.grow.espd.xml.common.exporting.UblCriteriaTemplate - ESPD document with TED URL 'null' does not contain any exclusion criteria.
11:48:27.966 [main] WARN eu.europa.ec.grow.espd.xml.common.exporting.UblCriteriaTemplate - ESPD document with TED URL 'null' does not contain any exclusion criteria.
11:48:27.966 [main] WARN eu.europa.ec.grow.espd.xml.common.exporting.UblCriteriaTemplate - ESPD document with TED URL 'null' does not contain any exclusion criteria.
Tests run: 5, Failures: 0, Errors: 0, Skipped: 0, Time elapsed: 0.016 sec - in eu.europa.ec.grow.espd.xml.response.selection.TechnicalFacilitiesResponseTest
Running eu.europa.ec.grow.espd.xml.response.selection.TechniciansTechnicalBodiesRequestTest
11:48:27.982 [main] WARN eu.europa.ec.grow.espd.xml.common.exporting.UblCriteriaTemplate - ESPD document with TED URL 'null' does not contain any exclusion criteria.
Tests run: 1, Failures: 0, Errors: 0, Skipped: 0, Time elapsed: 0 sec - in eu.europa.ec.grow.espd.xml.response.selection.TechniciansTechnicalBodiesRequestTest
Running eu.europa.ec.grow.espd.xml.response.selection.TechniciansTechnicalBodiesResponseTest
11:48:27.982 [main] WARN eu.europa.ec.grow.espd.xml.common.exporting.UblCriteriaTemplate - ESPD document with TED URL 'null' does not contain any exclusion criteria.
11:48:28.294 [main] WARN eu.europa.ec.grow.espd.xml.common.exporting.UblCriteriaTemplate - ESPD document with TED URL 'null' does not contain any exclusion criteria.
11:48:28.310 [main] WARN eu.europa.ec.grow.espd.xml.common.exporting.UblCriteriaTemplate - ESPD document with TED URL 'null' does not contain any exclusion criteria.
11:48:28.310 [main] WARN eu.europa.ec.grow.espd.xml.common.exporting.UblCriteriaTemplate - ESPD document with TED URL 'null' does not contain any exclusion criteria.
11:48:28.310 [main] WARN eu.europa.ec.grow.espd.xml.common.exporting.UblCriteriaTemplate - ESPD document with TED URL 'null' does not contain any exclusion criteria.
Tests run: 5, Failures: 0, Errors: 0, Skipped: 0, Time elapsed: 0.328 sec - in eu.europa.ec.grow.espd.xml.response.selection.TechniciansTechnicalBodiesResponseTest
Running eu.europa.ec.grow.espd.xml.response.selection.ToolsPlantResponseTest
11:48:28.310 [main] WARN eu.europa.ec.grow.espd.xml.common.exporting.UblCriteriaTemplate - ESPD document with TED URL 'null' does not contain any exclusion criteria.
11:48:28.310 [main] WARN eu.europa.ec.grow.espd.xml.common.exporting.UblCriteriaTemplate - ESPD document with TED URL 'null' does not contain any exclusion criteria.
11:48:28.310 [main] WARN eu.europa.ec.grow.espd.xml.common.exporting.UblCriteriaTemplate - ESPD document with TED URL 'null' does not contain any exclusion criteria.
11:48:28.310 [main] WARN eu.europa.ec.grow.espd.xml.common.exporting.UblCriteriaTemplate - ESPD document with TED URL 'null' does not contain any exclusion criteria.
11:48:28.310 [main] WARN eu.europa.ec.grow.espd.xml.common.exporting.UblCriteriaTemplate - ESPD document with TED URL 'null' does not contain any exclusion criteria.
Tests run: 5, Failures: 0, Errors: 0, Skipped: 0, Time elapsed: 0 sec - in eu.europa.ec.grow.espd.xml.response.selection.ToolsPlantResponseTest
Running eu.europa.ec.grow.espd.xml.response.selection.WorkContractsPerformanceWorksResponseTest
11:48:28.325 [main] WARN eu.europa.ec.grow.espd.xml.common.exporting.UblCriteriaTemplate - ESPD document with TED URL 'null' does not contain any exclusion criteria.
11:48:28.325 [main] WARN eu.europa.ec.grow.espd.xml.common.exporting.UblCriteriaTemplate - ESPD document with TED URL 'null' does not contain any exclusion criteria.
11:48:28.325 [main] WARN eu.europa.ec.grow.espd.xml.common.exporting.UblCriteriaTemplate - ESPD document with TED URL 'null' does not contain any exclusion criteria.
11:48:28.325 [main] WARN eu.europa.ec.grow.espd.xml.common.exporting.UblCriteriaTemplate - ESPD document with TED URL 'null' does not contain any exclusion criteria.
11:48:28.325 [main] WARN eu.europa.ec.grow.espd.xml.common.exporting.UblCriteriaTemplate - ESPD document with TED URL 'null' does not contain any exclusion criteria.
11:48:28.325 [main] WARN eu.europa.ec.grow.espd.xml.common.exporting.UblCriteriaTemplate - ESPD document with TED URL 'null' does not contain any exclusion criteria.
11:48:28.325 [main] WARN eu.europa.ec.grow.espd.xml.common.exporting.UblCriteriaTemplate - ESPD document with TED URL 'null' does not contain any exclusion criteria.
11:48:28.325 [main] WARN eu.europa.ec.grow.espd.xml.common.exporting.UblCriteriaTemplate - ESPD document with TED URL 'null' does not contain any exclusion criteria.
11:48:28.341 [main] WARN eu.europa.ec.grow.espd.xml.common.exporting.UblCriteriaTemplate - ESPD document with TED URL 'null' does not contain any exclusion criteria.
11:48:28.341 [main] WARN eu.europa.ec.grow.espd.xml.common.exporting.UblCriteriaTemplate - ESPD document with TED URL 'null' does not contain any exclusion criteria.
Tests run: 10, Failures: 0, Errors: 0, Skipped: 0, Time elapsed: 0.016 sec - in eu.europa.ec.grow.espd.xml.response.selection.WorkContractsPerformanceWorksResponseTest
Running eu.europa.ec.grow.espd.xml.response.selection.WorkContractsTechniciansRequestTest
11:48:28.341 [main] WARN eu.europa.ec.grow.espd.xml.common.exporting.UblCriteriaTemplate - ESPD document with TED URL 'null' does not contain any exclusion criteria.
Tests run: 1, Failures: 0, Errors: 0, Skipped: 0, Time elapsed: 0 sec - in eu.europa.ec.grow.espd.xml.response.selection.WorkContractsTechniciansRequestTest
Running eu.europa.ec.grow.espd.xml.response.selection.WorkContractsTechniciansResponseTest
11:48:28.341 [main] WARN eu.europa.ec.grow.espd.xml.common.exporting.UblCriteriaTemplate - ESPD document with TED URL 'null' does not contain any exclusion criteria.
11:48:28.341 [main] WARN eu.europa.ec.grow.espd.xml.common.exporting.UblCriteriaTemplate - ESPD document with TED URL 'null' does not contain any exclusion criteria.
11:48:28.341 [main] WARN eu.europa.ec.grow.espd.xml.common.exporting.UblCriteriaTemplate - ESPD document with TED URL 'null' does not contain any exclusion criteria.
11:48:28.341 [main] WARN eu.europa.ec.grow.espd.xml.common.exporting.UblCriteriaTemplate - ESPD document with TED URL 'null' does not contain any exclusion criteria.
11:48:28.357 [main] WARN eu.europa.ec.grow.espd.xml.common.exporting.UblCriteriaTemplate - ESPD document with TED URL 'null' does not contain any exclusion criteria.
Tests run: 5, Failures: 0, Errors: 0, Skipped: 0, Time elapsed: 0.016 sec - in eu.europa.ec.grow.espd.xml.response.selection.WorkContractsTechniciansResponseTest

Results :

Tests run: 931, Failures: 0, Errors: 0, Skipped: 0

[INFO] 
[INFO] --- maven-war-plugin:2.6:war (default-war) @ espd-web ---
[INFO] Packaging webapp
[INFO] Assembling webapp [espd-web] in [C:\GitHub\ESPD-Service\espd-web\target\espd-web]
[INFO] Processing war project
[INFO] Copying webapp webResources [C:\GitHub\ESPD-Service\espd-web\src/main/resources/META-INF/resources/] to [C:\GitHub\ESPD-Service\espd-web\target\espd-web]
[INFO] Copying webapp webResources [C:\GitHub\ESPD-Service\espd-web\src/main/resources/fonts] to [C:\GitHub\ESPD-Service\espd-web\target\espd-web]
[INFO] Copying webapp resources [C:\GitHub\ESPD-Service\espd-web\src\main\webapp]
[INFO] Webapp assembled in [12329 msecs]
[INFO] Building war: C:\GitHub\ESPD-Service\espd-web\target\espd-web.war
[INFO] 
[INFO] --- spring-boot-maven-plugin:1.4.1.RELEASE:repackage (default) @ espd-web ---
[INFO] 
[INFO] ------------------------------------------------------------------------
[INFO] Building espd-docs 2018.11
[INFO] ------------------------------------------------------------------------
[INFO] 
[INFO] --- maven-clean-plugin:2.6.1:clean (default-clean) @ espd-docs ---
[INFO] Deleting C:\GitHub\ESPD-Service\espd-docs\target
[INFO] 
[INFO] --- asciidoctor-maven-plugin:1.5.2.1:process-asciidoc (asciidoc-techdocs-to-html) @ espd-docs ---
[INFO] Rendered C:\GitHub\ESPD-Service\espd-docs\src\main\asciidoc\about.adoc
[INFO] Rendered C:\GitHub\ESPD-Service\espd-docs\src\main\asciidoc\configuration.adoc
[INFO] Rendered C:\GitHub\ESPD-Service\espd-docs\src\main\asciidoc\dataModel.adoc
[INFO] Rendered C:\GitHub\ESPD-Service\espd-docs\src\main\asciidoc\espd.adoc
[INFO] Rendered C:\GitHub\ESPD-Service\espd-docs\src\main\asciidoc\installation.adoc
[INFO] Rendered C:\GitHub\ESPD-Service\espd-docs\src\main\asciidoc\license.adoc
[INFO] Rendered C:\GitHub\ESPD-Service\espd-docs\src\main\asciidoc\overview.adoc
[INFO] Rendered C:\GitHub\ESPD-Service\espd-docs\src\main\asciidoc\releaseNotes.adoc
[INFO] Rendered C:\GitHub\ESPD-Service\espd-docs\src\main\asciidoc\requirements.adoc
[INFO] Rendered C:\GitHub\ESPD-Service\espd-docs\src\main\asciidoc\testing.adoc
[INFO] Rendered C:\GitHub\ESPD-Service\espd-docs\src\main\asciidoc\view.adoc
[INFO] Rendered C:\GitHub\ESPD-Service\espd-docs\src\main\asciidoc\xmlChanges.adoc
[INFO] 
[INFO] --- maven-resources-plugin:2.6:resources (default-resources) @ espd-docs ---
[INFO] Using 'UTF-8' encoding to copy filtered resources.
[INFO] skip non existing resourceDirectory C:\GitHub\ESPD-Service\espd-docs\src\main\resources
[INFO] skip non existing resourceDirectory C:\GitHub\ESPD-Service\espd-docs\src\main\resources
[INFO] 
[INFO] --- maven-compiler-plugin:3.1:compile (default-compile) @ espd-docs ---
[INFO] No sources to compile
[INFO] 
[INFO] --- maven-resources-plugin:2.6:testResources (default-testResources) @ espd-docs ---
[INFO] Using 'UTF-8' encoding to copy filtered resources.
[INFO] skip non existing resourceDirectory C:\GitHub\ESPD-Service\espd-docs\src\test\resources
[INFO] 
[INFO] --- maven-compiler-plugin:3.1:testCompile (default-testCompile) @ espd-docs ---
[INFO] No sources to compile
[INFO] 
[INFO] --- maven-surefire-plugin:2.18.1:test (default-test) @ espd-docs ---
[INFO] No tests to run.
[INFO] 
[INFO] --- maven-jar-plugin:2.6:jar (default-jar) @ espd-docs ---
[WARNING] JAR will be empty - no content was marked for inclusion!
[INFO] Building jar: C:\GitHub\ESPD-Service\espd-docs\target\espd-docs-2018.11.jar
[INFO] ------------------------------------------------------------------------
[INFO] Reactor Summary:
[INFO] 
[INFO] ESPD web application ............................... SUCCESS [  0.078 s]
[INFO] espd-web Maven Webapp .............................. SUCCESS [ 52.790 s]
[INFO] espd-docs .......................................... SUCCESS [  3.219 s]
[INFO] ------------------------------------------------------------------------
[INFO] BUILD SUCCESS
[INFO] ------------------------------------------------------------------------
[INFO] Total time: 56.290 s
[INFO] Finished at: 2019-07-12T11:48:48+02:00
[INFO] Final Memory: 58M/226M
[INFO] ------------------------------------------------------------------------
